Log file open, 02/06/24 16:29:03
LogWindows: Failed to load 'aqProf.dll' (GetLastError=126)
LogWindows: File 'aqProf.dll' does not exist
LogWindows: Failed to load 'VtuneApi.dll' (GetLastError=126)
LogWindows: File 'VtuneApi.dll' does not exist
LogWindows: Failed to load 'VtuneApi32e.dll' (GetLastError=126)
LogWindows: File 'VtuneApi32e.dll' does not exist
LogConsoleResponse: Display: Failed to find resolution value strings in scalability ini. Falling back to default.
LogConsoleResponse: Display: Failed to find resolution value strings in scalability ini. Falling back to default.
LogInit: Display: Running engine for game: megadomas
LogPlatformFile: Not using cached read wrapper
LogTaskGraph: Started task graph with 5 named threads and 47 total threads with 3 sets of task threads.
LogStats: Stats thread started at 0.255876
LogICUInternationalization: ICU TimeZone Detection - Raw Offset: +1:00, Platform Override: ''
LogInit: Display: Loading text-based GConfig....
LogPluginManager: Mounting plugin MeshPainting
LogPluginManager: Mounting plugin XGEController
LogPluginManager: Mounting plugin Paper2D
LogPluginManager: Mounting plugin AISupport
LogPluginManager: Mounting plugin EnvironmentQueryEditor
LogPluginManager: Mounting plugin LiveLink
LogPluginManager: Mounting plugin LightPropagationVolume
LogPluginManager: Mounting plugin CameraShakePreviewer
LogPluginManager: Mounting plugin GameplayCameras
LogPluginManager: Mounting plugin AnimationSharing
LogPluginManager: Mounting plugin OodleData
LogPluginManager: Mounting plugin OodleNetwork
LogPluginManager: Mounting plugin CLionSourceCodeAccess
LogPluginManager: Mounting plugin CodeLiteSourceCodeAccess
LogPluginManager: Mounting plugin KDevelopSourceCodeAccess
LogPluginManager: Mounting plugin NullSourceCodeAccess
LogPluginManager: Mounting plugin GitSourceControl
LogPluginManager: Mounting plugin PerforceSourceControl
LogPluginManager: Mounting plugin PixWinPlugin
LogPluginManager: Mounting plugin PlasticSourceControl
LogPluginManager: Mounting plugin PluginUtils
LogPluginManager: Mounting plugin PropertyAccessNode
LogPluginManager: Mounting plugin SubversionSourceControl
LogPluginManager: Mounting plugin TextureFormatOodle
LogPluginManager: Mounting plugin RiderSourceCodeAccess
LogPluginManager: Mounting plugin UObjectPlugin
LogPluginManager: Mounting plugin VisualStudioCodeSourceCodeAccess
LogPluginManager: Mounting plugin VisualStudioSourceCodeAccess
LogPluginManager: Mounting plugin XCodeSourceCodeAccess
LogPluginManager: Mounting plugin AlembicImporter
LogPluginManager: Mounting plugin AutomationUtils
LogPluginManager: Mounting plugin BackChannel
LogPluginManager: Mounting plugin ChaosCloth
LogPluginManager: Mounting plugin ChaosClothEditor
LogPluginManager: Mounting plugin ChaosEditor
LogPluginManager: Mounting plugin ChaosNiagara
LogPluginManager: Mounting plugin ChaosSolverPlugin
LogPluginManager: Mounting plugin CharacterAI
LogPluginManager: Mounting plugin GeometryCache
LogPluginManager: Mounting plugin GeometryCollectionPlugin
LogPluginManager: Mounting plugin AssetManagerEditor
LogPluginManager: Mounting plugin CryptoKeys
LogPluginManager: Mounting plugin CurveEditorTools
LogPluginManager: Mounting plugin DataValidation
LogPluginManager: Mounting plugin FacialAnimation
LogPluginManager: Mounting plugin GameplayTagsEditor
LogPluginManager: Mounting plugin GeometryMode
LogPluginManager: Mounting plugin MacGraphicsSwitching
LogPluginManager: Mounting plugin MaterialAnalyzer
LogPluginManager: Mounting plugin MobileLauncherProfileWizard
LogPluginManager: Mounting plugin PluginBrowser
LogPluginManager: Mounting plugin SpeedTreeImporter
LogPluginManager: Mounting plugin DatasmithContent
LogPluginManager: Mounting plugin GeometryProcessing
LogPluginManager: Mounting plugin MotoSynth
LogPluginManager: Mounting plugin OpenImageDenoise
LogPluginManager: Mounting plugin PlanarCut
LogPluginManager: Mounting plugin PlatformCrypto
LogPluginManager: Mounting plugin ProxyLODPlugin
LogPluginManager: Mounting plugin PythonScriptPlugin
LogPluginManager: Mounting plugin SkeletalReduction
LogPluginManager: Mounting plugin Niagara
LogPluginManager: Mounting plugin VariantManagerContent
LogPluginManager: Mounting plugin LuminPlatformFeatures
LogPluginManager: Mounting plugin MagicLeap
LogPluginManager: Mounting plugin MagicLeapLightEstimation
LogPluginManager: Mounting plugin MagicLeapMedia
LogPluginManager: Mounting plugin MagicLeapPassableWorld
LogPluginManager: Mounting plugin MLSDK
LogPluginManager: Mounting plugin AndroidMedia
LogPluginManager: Mounting plugin AvfMedia
LogPluginManager: Mounting plugin ImgMedia
LogPluginManager: Mounting plugin MediaCompositing
LogPluginManager: Mounting plugin MediaPlayerEditor
LogPluginManager: Mounting plugin WebMMedia
LogPluginManager: Mounting plugin WmfMedia
LogPluginManager: Mounting plugin TcpMessaging
LogPluginManager: Mounting plugin UdpMessaging
LogPluginManager: Mounting plugin ActorLayerUtilities
LogPluginManager: Mounting plugin AndroidDeviceProfileSelector
LogPluginManager: Mounting plugin AndroidMoviePlayer
LogPluginManager: Mounting plugin AndroidPermission
LogPluginManager: Mounting plugin AppleImageUtils
LogPluginManager: Mounting plugin AppleMoviePlayer
LogPluginManager: Mounting plugin ArchVisCharacter
LogPluginManager: Mounting plugin AssetTags
LogPluginManager: Mounting plugin AudioCapture
LogPluginManager: Mounting plugin AudioSynesthesia
LogPluginManager: Mounting plugin CableComponent
LogPluginManager: Mounting plugin ChunkDownloader
LogPluginManager: Mounting plugin CustomMeshComponent
LogPluginManager: Mounting plugin EditableMesh
LogPluginManager: Mounting plugin ExampleDeviceProfileSelector
LogPluginManager: Mounting plugin GoogleCloudMessaging
LogPluginManager: Mounting plugin GooglePAD
LogPluginManager: Mounting plugin ActorSequence
LogPluginManager: Mounting plugin LevelSequenceEditor
LogPluginManager: Mounting plugin MatineeToLevelSequence
LogPluginManager: Mounting plugin TemplateSequence
LogPluginManager: Mounting plugin IOSDeviceProfileSelector
LogPluginManager: Mounting plugin LinuxDeviceProfileSelector
LogPluginManager: Mounting plugin LocationServicesBPLibrary
LogPluginManager: Mounting plugin MobilePatchingUtils
LogPluginManager: Mounting plugin OpenXR
LogPluginManager: Mounting plugin OnlineSubsystem
LogPluginManager: Mounting plugin OpenXREyeTracker
LogPluginManager: Mounting plugin OpenXRHandTracking
LogPluginManager: Mounting plugin PhysXVehicles
LogPluginManager: Mounting plugin OnlineSubsystemNull
LogPluginManager: Mounting plugin OnlineSubsystemUtils
LogPluginManager: Mounting plugin LauncherChunkInstaller
LogPluginManager: Mounting plugin PostSplashScreen
LogPluginManager: Mounting plugin ProceduralMeshComponent
LogPluginManager: Mounting plugin PropertyAccessEditor
LogPluginManager: Mounting plugin RuntimePhysXCooking
LogPluginManager: Mounting plugin SignificanceManager
LogPluginManager: Mounting plugin SoundFields
LogPluginManager: Mounting plugin Synthesis
LogPluginManager: Mounting plugin WebMMoviePlayer
LogPluginManager: Mounting plugin WindowsMoviePlayer
LogPluginManager: Mounting plugin ScreenshotTools
LogPluginManager: Mounting plugin Takes
LogPluginManager: Mounting plugin ContentBrowserAssetDataSource
LogPluginManager: Mounting plugin ContentBrowserClassDataSource
LogPluginManager: Mounting plugin ContentBrowserFileDataSource
LogPluginManager: Mounting plugin OnlineSubsystemGooglePlay
LogPluginManager: Mounting plugin OnlineSubsystemIOS
LogPluginManager: Mounting plugin OculusVR
LogPluginManager: Mounting plugin SteamVR
PixWinPlugin: PIX capture plugin failed to initialize! Check that the process is launched from PIX.
LogInit: Using libcurl 7.55.1-DEV
LogInit:  - built for x86_64-pc-win32
LogInit:  - supports SSL with OpenSSL/1.1.1
LogInit:  - supports HTTP deflate (compression) using libz 1.2.8
LogInit:  - other features:
LogInit:      CURL_VERSION_SSL
LogInit:      CURL_VERSION_LIBZ
LogInit:      CURL_VERSION_IPV6
LogInit:      CURL_VERSION_ASYNCHDNS
LogInit:      CURL_VERSION_LARGEFILE
LogInit:      CURL_VERSION_IDN
LogInit:  CurlRequestOptions (configurable via config and command line):
LogInit:  - bVerifyPeer = true  - Libcurl will verify peer certificate
LogInit:  - bUseHttpProxy = false  - Libcurl will NOT use HTTP proxy
LogInit:  - bDontReuseConnections = false  - Libcurl will reuse connections
LogInit:  - MaxHostConnections = 16  - Libcurl will limit the number of connections to a host
LogInit:  - LocalHostAddr = Default
LogInit:  - BufferSize = 65536
LogOnline: OSS: Creating online subsystem instance for: NULL
LogInit: WinSock: version 1.1 (2.2), MaxSocks=32767, MaxUdp=65467
LogOnline: OSS: TryLoadSubsystemAndSetDefault: Loaded subsystem for module [NULL]
LogOculusPluginWrapper: OculusPlugin initialized successfully
LogHMD: Failed initializing OVRPlugin 1.59.0
LogInit: Build: ++UE4+Release-4.27-CL-18319896
LogInit: Engine Version: 4.27.2-18319896+++UE4+Release-4.27
LogInit: Compatible Engine Version: 4.27.0-17155196+++UE4+Release-4.27
LogInit: Net CL: 17155196
LogInit: OS: Windows 10 (Release 2009) (), CPU: Intel(R) Core(TM) i7-10870H CPU @ 2.20GHz, GPU: Intel(R) UHD Graphics
LogInit: Compiled (64-bit): Nov 30 2021 07:12:08
LogInit: Compiled with Visual C++: 19.24.28315.00
LogInit: Build Configuration: Development
LogInit: Branch Name: ++UE4+Release-4.27
LogInit: Command Line: 
LogInit: Base Directory: D:/epic/UE_4.27/Engine/Binaries/Win64/
LogInit: Allocator: TBB
LogInit: Installed Engine Build: 1
LogDevObjectVersion: Number of dev versions registered: 29
LogDevObjectVersion:   Dev-Blueprints (B0D832E4-1F89-4F0D-ACCF-7EB736FD4AA2): 10
LogDevObjectVersion:   Dev-Build (E1C64328-A22C-4D53-A36C-8E866417BD8C): 0
LogDevObjectVersion:   Dev-Core (375EC13C-06E4-48FB-B500-84F0262A717E): 4
LogDevObjectVersion:   Dev-Editor (E4B068ED-F494-42E9-A231-DA0B2E46BB41): 40
LogDevObjectVersion:   Dev-Framework (CFFC743F-43B0-4480-9391-14DF171D2073): 37
LogDevObjectVersion:   Dev-Mobile (B02B49B5-BB20-44E9-A304-32B752E40360): 3
LogDevObjectVersion:   Dev-Networking (A4E4105C-59A1-49B5-A7C5-40C4547EDFEE): 0
LogDevObjectVersion:   Dev-Online (39C831C9-5AE6-47DC-9A44-9C173E1C8E7C): 0
LogDevObjectVersion:   Dev-Physics (78F01B33-EBEA-4F98-B9B4-84EACCB95AA2): 14
LogDevObjectVersion:   Dev-Platform (6631380F-2D4D-43E0-8009-CF276956A95A): 0
LogDevObjectVersion:   Dev-Rendering (12F88B9F-8875-4AFC-A67C-D90C383ABD29): 45
LogDevObjectVersion:   Dev-Sequencer (7B5AE74C-D270-4C10-A958-57980B212A5A): 13
LogDevObjectVersion:   Dev-VR (D7296918-1DD6-4BDD-9DE2-64A83CC13884): 3
LogDevObjectVersion:   Dev-LoadTimes (C2A15278-BFE7-4AFE-6C17-90FF531DF755): 1
LogDevObjectVersion:   Private-Geometry (6EACA3D4-40EC-4CC1-B786-8BED09428FC5): 3
LogDevObjectVersion:   Dev-AnimPhys (29E575DD-E0A3-4627-9D10-D276232CDCEA): 17
LogDevObjectVersion:   Dev-Anim (AF43A65D-7FD3-4947-9873-3E8ED9C1BB05): 15
LogDevObjectVersion:   Dev-ReflectionCapture (6B266CEC-1EC7-4B8F-A30B-E4D90942FC07): 1
LogDevObjectVersion:   Dev-Automation (0DF73D61-A23F-47EA-B727-89E90C41499A): 1
LogDevObjectVersion:   FortniteMain (601D1886-AC64-4F84-AA16-D3DE0DEAC7D6): 47
LogDevObjectVersion:   FortniteRelease (E7086368-6B23-4C58-8439-1B7016265E91): 1
LogDevObjectVersion:   Dev-Enterprise (9DFFBCD6-494F-0158-E221-12823C92A888): 10
LogDevObjectVersion:   Dev-Niagara (F2AED0AC-9AFE-416F-8664-AA7FFA26D6FC): 1
LogDevObjectVersion:   Dev-Destruction (174F1F0B-B4C6-45A5-B13F-2EE8D0FB917D): 10
LogDevObjectVersion:   Dev-Physics-Ext (35F94A83-E258-406C-A318-09F59610247C): 41
LogDevObjectVersion:   Dev-PhysicsMaterial-Chaos (B68FC16E-8B1B-42E2-B453-215C058844FE): 1
LogDevObjectVersion:   Dev-CineCamera (B2E18506-4273-CFC2-A54E-F4BB758BBA07): 1
LogDevObjectVersion:   Dev-VirtualProduction (64F58936-FD1B-42BA-BA96-7289D5D0FA4E): 1
LogDevObjectVersion:   Dev-MediaFramework (6F0ED827-A609-4895-9C91-998D90180EA4): 2
LogInit: Presizing for max 25165824 objects, including 0 objects not considered by GC, pre-allocating 0 bytes for permanent pool.
LogConfig: Applying CVar settings from Section [/Script/Engine.StreamingSettings] File [D:/kali/studia/unreal projekty/megadomas/Saved/Config/Windows/Engine.ini]
LogConfig: Setting CVar [[s.MinBulkDataSizeForAsyncLoading:131072]]
LogConfig: Setting CVar [[s.AsyncLoadingThreadEnabled:0]]
LogConfig: Setting CVar [[s.EventDrivenLoaderEnabled:1]]
LogConfig: Setting CVar [[s.WarnIfTimeLimitExceeded:0]]
LogConfig: Setting CVar [[s.TimeLimitExceededMultiplier:1.5]]
LogConfig: Setting CVar [[s.TimeLimitExceededMinTime:0.005]]
LogConfig: Setting CVar [[s.UseBackgroundLevelStreaming:1]]
LogConfig: Setting CVar [[s.PriorityAsyncLoadingExtraTime:15.0]]
LogConfig: Setting CVar [[s.LevelStreamingActorsUpdateTimeLimit:5.0]]
LogConfig: Setting CVar [[s.PriorityLevelStreamingActorsUpdateExtraTime:5.0]]
LogConfig: Setting CVar [[s.LevelStreamingComponentsRegistrationGranularity:10]]
LogConfig: Setting CVar [[s.UnregisterComponentsTimeLimit:1.0]]
LogConfig: Setting CVar [[s.LevelStreamingComponentsUnregistrationGranularity:5]]
LogConfig: Setting CVar [[s.FlushStreamingOnExit:1]]
LogInit: Object subsystem initialized
LogConfig: Setting CVar [[con.DebugEarlyDefault:1]]
LogConfig: Setting CVar [[r.setres:1280x720]]
[2024.02.06-15.29.04:944][  0]LogConfig: Setting CVar [[r.VSync:0]]
[2024.02.06-15.29.04:944][  0]LogConfig: Setting CVar [[r.RHICmdBypass:0]]
[2024.02.06-15.29.04:945][  0]LogConfig: Applying CVar settings from Section [/Script/Engine.RendererSettings] File [D:/kali/studia/unreal projekty/megadomas/Saved/Config/Windows/Engine.ini]
[2024.02.06-15.29.04:945][  0]LogConfig: Setting CVar [[r.GPUCrashDebugging:0]]
[2024.02.06-15.29.04:945][  0]LogConfig: Applying CVar settings from Section [/Script/Engine.RendererOverrideSettings] File [D:/kali/studia/unreal projekty/megadomas/Saved/Config/Windows/Engine.ini]
[2024.02.06-15.29.04:945][  0]LogConfig: Applying CVar settings from Section [/Script/Engine.StreamingSettings] File [D:/kali/studia/unreal projekty/megadomas/Saved/Config/Windows/Engine.ini]
[2024.02.06-15.29.04:945][  0]LogConfig: Setting CVar [[s.MinBulkDataSizeForAsyncLoading:131072]]
[2024.02.06-15.29.04:945][  0]LogConfig: Setting CVar [[s.AsyncLoadingThreadEnabled:0]]
[2024.02.06-15.29.04:945][  0]LogConfig: Setting CVar [[s.EventDrivenLoaderEnabled:1]]
[2024.02.06-15.29.04:945][  0]LogConfig: Setting CVar [[s.WarnIfTimeLimitExceeded:0]]
[2024.02.06-15.29.04:945][  0]LogConfig: Setting CVar [[s.TimeLimitExceededMultiplier:1.5]]
[2024.02.06-15.29.04:945][  0]LogConfig: Setting CVar [[s.TimeLimitExceededMinTime:0.005]]
[2024.02.06-15.29.04:945][  0]LogConfig: Setting CVar [[s.UseBackgroundLevelStreaming:1]]
[2024.02.06-15.29.04:945][  0]LogConfig: Setting CVar [[s.PriorityAsyncLoadingExtraTime:15.0]]
[2024.02.06-15.29.04:945][  0]LogConfig: Setting CVar [[s.LevelStreamingActorsUpdateTimeLimit:5.0]]
[2024.02.06-15.29.04:945][  0]LogConfig: Setting CVar [[s.PriorityLevelStreamingActorsUpdateExtraTime:5.0]]
[2024.02.06-15.29.04:945][  0]LogConfig: Setting CVar [[s.LevelStreamingComponentsRegistrationGranularity:10]]
[2024.02.06-15.29.04:945][  0]LogConfig: Setting CVar [[s.UnregisterComponentsTimeLimit:1.0]]
[2024.02.06-15.29.04:945][  0]LogConfig: Setting CVar [[s.LevelStreamingComponentsUnregistrationGranularity:5]]
[2024.02.06-15.29.04:945][  0]LogConfig: Setting CVar [[s.FlushStreamingOnExit:1]]
[2024.02.06-15.29.04:945][  0]LogConfig: Applying CVar settings from Section [/Script/Engine.GarbageCollectionSettings] File [D:/kali/studia/unreal projekty/megadomas/Saved/Config/Windows/Engine.ini]
[2024.02.06-15.29.04:945][  0]LogConfig: Setting CVar [[gc.MaxObjectsNotConsideredByGC:1]]
[2024.02.06-15.29.04:945][  0]LogConfig: Setting CVar [[gc.SizeOfPermanentObjectPool:0]]
[2024.02.06-15.29.04:945][  0]LogConfig: Setting CVar [[gc.FlushStreamingOnGC:0]]
[2024.02.06-15.29.04:945][  0]LogConfig: Setting CVar [[gc.NumRetriesBeforeForcingGC:10]]
[2024.02.06-15.29.04:945][  0]LogConfig: Setting CVar [[gc.AllowParallelGC:1]]
[2024.02.06-15.29.04:945][  0]LogConfig: Setting CVar [[gc.TimeBetweenPurgingPendingKillObjects:61.1]]
[2024.02.06-15.29.04:945][  0]LogConfig: Setting CVar [[gc.MaxObjectsInEditor:25165824]]
[2024.02.06-15.29.04:945][  0]LogConfig: Setting CVar [[gc.IncrementalBeginDestroyEnabled:1]]
[2024.02.06-15.29.04:945][  0]LogConfig: Setting CVar [[gc.CreateGCClusters:1]]
[2024.02.06-15.29.04:945][  0]LogConfig: Setting CVar [[gc.MinGCClusterSize:5]]
[2024.02.06-15.29.04:945][  0]LogConfig: Setting CVar [[gc.ActorClusteringEnabled:0]]
[2024.02.06-15.29.04:945][  0]LogConfig: Setting CVar [[gc.BlueprintClusteringEnabled:0]]
[2024.02.06-15.29.04:945][  0]LogConfig: Setting CVar [[gc.UseDisregardForGCOnDedicatedServers:0]]
[2024.02.06-15.29.04:945][  0]LogConfig: Setting CVar [[gc.MultithreadedDestructionEnabled:1]]
[2024.02.06-15.29.04:945][  0]LogConfig: Applying CVar settings from Section [/Script/Engine.NetworkSettings] File [D:/kali/studia/unreal projekty/megadomas/Saved/Config/Windows/Engine.ini]
[2024.02.06-15.29.04:945][  0]LogConfig: Applying CVar settings from Section [/Script/UnrealEd.CookerSettings] File [D:/kali/studia/unreal projekty/megadomas/Saved/Config/Windows/Engine.ini]
[2024.02.06-15.29.04:950][  0]LogConfig: Applying CVar settings from Section [ViewDistanceQuality@3] File [D:/kali/studia/unreal projekty/megadomas/Saved/Config/Windows/Scalability.ini]
[2024.02.06-15.29.04:950][  0]LogConfig: Setting CVar [[r.SkeletalMeshLODBias:0]]
[2024.02.06-15.29.04:950][  0]LogConfig: Setting CVar [[r.ViewDistanceScale:1.0]]
[2024.02.06-15.29.04:950][  0]LogConfig: Applying CVar settings from Section [AntiAliasingQuality@3] File [D:/kali/studia/unreal projekty/megadomas/Saved/Config/Windows/Scalability.ini]
[2024.02.06-15.29.04:950][  0]LogConfig: Setting CVar [[r.PostProcessAAQuality:4]]
[2024.02.06-15.29.04:950][  0]LogConfig: Applying CVar settings from Section [ShadowQuality@3] File [D:/kali/studia/unreal projekty/megadomas/Saved/Config/Windows/Scalability.ini]
[2024.02.06-15.29.04:950][  0]LogConfig: Setting CVar [[r.LightFunctionQuality:1]]
[2024.02.06-15.29.04:950][  0]LogConfig: Setting CVar [[r.ShadowQuality:5]]
[2024.02.06-15.29.04:950][  0]LogConfig: Setting CVar [[r.Shadow.CSM.MaxCascades:10]]
[2024.02.06-15.29.04:950][  0]LogConfig: Setting CVar [[r.Shadow.MaxResolution:2048]]
[2024.02.06-15.29.04:950][  0]LogConfig: Setting CVar [[r.Shadow.MaxCSMResolution:2048]]
[2024.02.06-15.29.04:950][  0]LogConfig: Setting CVar [[r.Shadow.RadiusThreshold:0.01]]
[2024.02.06-15.29.04:950][  0]LogConfig: Setting CVar [[r.Shadow.DistanceScale:1.0]]
[2024.02.06-15.29.04:950][  0]LogConfig: Setting CVar [[r.Shadow.CSM.TransitionScale:1.0]]
[2024.02.06-15.29.04:950][  0]LogConfig: Setting CVar [[r.Shadow.PreShadowResolutionFactor:1.0]]
[2024.02.06-15.29.04:950][  0]LogConfig: Setting CVar [[r.DistanceFieldShadowing:1]]
[2024.02.06-15.29.04:950][  0]LogConfig: Setting CVar [[r.DistanceFieldAO:1]]
[2024.02.06-15.29.04:950][  0]LogConfig: Setting CVar [[r.AOQuality:2]]
[2024.02.06-15.29.04:950][  0]LogConfig: Setting CVar [[r.VolumetricFog:1]]
[2024.02.06-15.29.04:950][  0]LogConfig: Setting CVar [[r.VolumetricFog.GridPixelSize:8]]
[2024.02.06-15.29.04:950][  0]LogConfig: Setting CVar [[r.VolumetricFog.GridSizeZ:128]]
[2024.02.06-15.29.04:950][  0]LogConfig: Setting CVar [[r.VolumetricFog.HistoryMissSupersampleCount:4]]
[2024.02.06-15.29.04:950][  0]LogConfig: Setting CVar [[r.LightMaxDrawDistanceScale:1]]
[2024.02.06-15.29.04:950][  0]LogConfig: Setting CVar [[r.CapsuleShadows:1]]
[2024.02.06-15.29.04:950][  0]LogConfig: Applying CVar settings from Section [PostProcessQuality@3] File [D:/kali/studia/unreal projekty/megadomas/Saved/Config/Windows/Scalability.ini]
[2024.02.06-15.29.04:950][  0]LogConfig: Setting CVar [[r.MotionBlurQuality:4]]
[2024.02.06-15.29.04:950][  0]LogConfig: Setting CVar [[r.AmbientOcclusionMipLevelFactor:0.4]]
[2024.02.06-15.29.04:950][  0]LogConfig: Setting CVar [[r.AmbientOcclusionMaxQuality:100]]
[2024.02.06-15.29.04:950][  0]LogConfig: Setting CVar [[r.AmbientOcclusionLevels:-1]]
[2024.02.06-15.29.04:950][  0]LogConfig: Setting CVar [[r.AmbientOcclusionRadiusScale:1.0]]
[2024.02.06-15.29.04:950][  0]LogConfig: Setting CVar [[r.DepthOfFieldQuality:2]]
[2024.02.06-15.29.04:950][  0]LogConfig: Setting CVar [[r.RenderTargetPoolMin:400]]
[2024.02.06-15.29.04:950][  0]LogConfig: Setting CVar [[r.LensFlareQuality:2]]
[2024.02.06-15.29.04:950][  0]LogConfig: Setting CVar [[r.SceneColorFringeQuality:1]]
[2024.02.06-15.29.04:950][  0]LogConfig: Setting CVar [[r.EyeAdaptationQuality:2]]
[2024.02.06-15.29.04:950][  0]LogConfig: Setting CVar [[r.BloomQuality:5]]
[2024.02.06-15.29.04:950][  0]LogConfig: Setting CVar [[r.FastBlurThreshold:100]]
[2024.02.06-15.29.04:950][  0]LogConfig: Setting CVar [[r.Upscale.Quality:3]]
[2024.02.06-15.29.04:950][  0]LogConfig: Setting CVar [[r.Tonemapper.GrainQuantization:1]]
[2024.02.06-15.29.04:950][  0]LogConfig: Setting CVar [[r.LightShaftQuality:1]]
[2024.02.06-15.29.04:950][  0]LogConfig: Setting CVar [[r.Filter.SizeScale:1]]
[2024.02.06-15.29.04:950][  0]LogConfig: Setting CVar [[r.Tonemapper.Quality:5]]
[2024.02.06-15.29.04:950][  0]LogConfig: Setting CVar [[r.DOF.Gather.AccumulatorQuality:1        ; higher gathering accumulator quality]]
[2024.02.06-15.29.04:950][  0]LogConfig: Setting CVar [[r.DOF.Gather.PostfilterMethod:1          ; Median3x3 postfilering method]]
[2024.02.06-15.29.04:950][  0]LogConfig: Setting CVar [[r.DOF.Gather.EnableBokehSettings:0       ; no bokeh simulation when gathering]]
[2024.02.06-15.29.04:950][  0]LogConfig: Setting CVar [[r.DOF.Gather.RingCount:4                 ; medium number of samples when gathering]]
[2024.02.06-15.29.04:950][  0]LogConfig: Setting CVar [[r.DOF.Scatter.ForegroundCompositing:1    ; additive foreground scattering]]
[2024.02.06-15.29.04:950][  0]LogConfig: Setting CVar [[r.DOF.Scatter.BackgroundCompositing:2    ; additive background scattering]]
[2024.02.06-15.29.04:950][  0]LogConfig: Setting CVar [[r.DOF.Scatter.EnableBokehSettings:1      ; bokeh simulation when scattering]]
[2024.02.06-15.29.04:950][  0]LogConfig: Setting CVar [[r.DOF.Scatter.MaxSpriteRatio:0.1         ; only a maximum of 10% of scattered bokeh]]
[2024.02.06-15.29.04:950][  0]LogConfig: Setting CVar [[r.DOF.Recombine.Quality:1                ; cheap slight out of focus]]
[2024.02.06-15.29.04:950][  0]LogConfig: Setting CVar [[r.DOF.Recombine.EnableBokehSettings:0    ; no bokeh simulation on slight out of focus]]
[2024.02.06-15.29.04:950][  0]LogConfig: Setting CVar [[r.DOF.TemporalAAQuality:1                ; more stable temporal accumulation]]
[2024.02.06-15.29.04:950][  0]LogConfig: Setting CVar [[r.DOF.Kernel.MaxForegroundRadius:0.025]]
[2024.02.06-15.29.04:950][  0]LogConfig: Setting CVar [[r.DOF.Kernel.MaxBackgroundRadius:0.025]]
[2024.02.06-15.29.04:950][  0]LogConfig: Applying CVar settings from Section [TextureQuality@3] File [D:/kali/studia/unreal projekty/megadomas/Saved/Config/Windows/Scalability.ini]
[2024.02.06-15.29.04:950][  0]LogConfig: Setting CVar [[r.Streaming.MipBias:0]]
[2024.02.06-15.29.04:950][  0]LogConfig: Setting CVar [[r.Streaming.AmortizeCPUToGPUCopy:0]]
[2024.02.06-15.29.04:950][  0]LogConfig: Setting CVar [[r.Streaming.MaxNumTexturesToStreamPerFrame:0]]
[2024.02.06-15.29.04:950][  0]LogConfig: Setting CVar [[r.Streaming.Boost:1]]
[2024.02.06-15.29.04:950][  0]LogConfig: Setting CVar [[r.MaxAnisotropy:8]]
[2024.02.06-15.29.04:950][  0]LogConfig: Setting CVar [[r.VT.MaxAnisotropy:8]]
[2024.02.06-15.29.04:950][  0]LogConfig: Setting CVar [[r.Streaming.LimitPoolSizeToVRAM:0]]
[2024.02.06-15.29.04:950][  0]LogConfig: Setting CVar [[r.Streaming.PoolSize:1000]]
[2024.02.06-15.29.04:950][  0]LogConfig: Setting CVar [[r.Streaming.MaxEffectiveScreenSize:0]]
[2024.02.06-15.29.04:950][  0]LogConfig: Applying CVar settings from Section [EffectsQuality@3] File [D:/kali/studia/unreal projekty/megadomas/Saved/Config/Windows/Scalability.ini]
[2024.02.06-15.29.04:950][  0]LogConfig: Setting CVar [[r.TranslucencyLightingVolumeDim:64]]
[2024.02.06-15.29.04:950][  0]LogConfig: Setting CVar [[r.RefractionQuality:2]]
[2024.02.06-15.29.04:950][  0]LogConfig: Setting CVar [[r.SSR.Quality:3]]
[2024.02.06-15.29.04:950][  0]LogConfig: Setting CVar [[r.SSR.HalfResSceneColor:0]]
[2024.02.06-15.29.04:950][  0]LogConfig: Setting CVar [[r.SceneColorFormat:4]]
[2024.02.06-15.29.04:950][  0]LogConfig: Setting CVar [[r.DetailMode:2]]
[2024.02.06-15.29.04:950][  0]LogConfig: Setting CVar [[r.TranslucencyVolumeBlur:1]]
[2024.02.06-15.29.04:950][  0]LogConfig: Setting CVar [[r.MaterialQualityLevel:1 ; High quality]]
[2024.02.06-15.29.04:950][  0]LogConfig: Setting CVar [[r.AnisotropicMaterials:1]]
[2024.02.06-15.29.04:950][  0]LogConfig: Setting CVar [[r.SSS.Scale:1]]
[2024.02.06-15.29.04:950][  0]LogConfig: Setting CVar [[r.SSS.SampleSet:2]]
[2024.02.06-15.29.04:950][  0]LogConfig: Setting CVar [[r.SSS.Quality:1]]
[2024.02.06-15.29.04:950][  0]LogConfig: Setting CVar [[r.SSS.HalfRes:0]]
[2024.02.06-15.29.04:950][  0]LogConfig: Setting CVar [[r.SSGI.Quality:3]]
[2024.02.06-15.29.04:950][  0]LogConfig: Setting CVar [[r.EmitterSpawnRateScale:1.0]]
[2024.02.06-15.29.04:950][  0]LogConfig: Setting CVar [[r.ParticleLightQuality:2]]
[2024.02.06-15.29.04:950][  0]LogConfig: Setting CVar [[r.SkyAtmosphere.AerialPerspectiveLUT.FastApplyOnOpaque:1 ; Always have FastSkyLUT 1 in this case to avoid wrong sky]]
[2024.02.06-15.29.04:950][  0]LogConfig: Setting CVar [[r.SkyAtmosphere.AerialPerspectiveLUT.SampleCountMaxPerSlice:4]]
[2024.02.06-15.29.04:950][  0]LogConfig: Setting CVar [[r.SkyAtmosphere.AerialPerspectiveLUT.DepthResolution:16.0]]
[2024.02.06-15.29.04:950][  0]LogConfig: Setting CVar [[r.SkyAtmosphere.FastSkyLUT:1]]
[2024.02.06-15.29.04:950][  0]LogConfig: Setting CVar [[r.SkyAtmosphere.FastSkyLUT.SampleCountMin:4.0]]
[2024.02.06-15.29.04:950][  0]LogConfig: Setting CVar [[r.SkyAtmosphere.FastSkyLUT.SampleCountMax:128.0]]
[2024.02.06-15.29.04:950][  0]LogConfig: Setting CVar [[r.SkyAtmosphere.SampleCountMin:4.0]]
[2024.02.06-15.29.04:950][  0]LogConfig: Setting CVar [[r.SkyAtmosphere.SampleCountMax:128.0]]
[2024.02.06-15.29.04:950][  0]LogConfig: Setting CVar [[r.SkyAtmosphere.TransmittanceLUT.UseSmallFormat:0]]
[2024.02.06-15.29.04:950][  0]LogConfig: Setting CVar [[r.SkyAtmosphere.TransmittanceLUT.SampleCount:10.0]]
[2024.02.06-15.29.04:950][  0]LogConfig: Setting CVar [[r.SkyAtmosphere.MultiScatteringLUT.SampleCount:15.0]]
[2024.02.06-15.29.04:950][  0]LogConfig: Setting CVar [[r.SkyLight.RealTimeReflectionCapture:1]]
[2024.02.06-15.29.04:950][  0]LogConfig: Applying CVar settings from Section [FoliageQuality@3] File [D:/kali/studia/unreal projekty/megadomas/Saved/Config/Windows/Scalability.ini]
[2024.02.06-15.29.04:950][  0]LogConfig: Setting CVar [[foliage.DensityScale:1.0]]
[2024.02.06-15.29.04:950][  0]LogConfig: Setting CVar [[grass.DensityScale:1.0]]
[2024.02.06-15.29.04:950][  0]LogConfig: Applying CVar settings from Section [ShadingQuality@3] File [D:/kali/studia/unreal projekty/megadomas/Saved/Config/Windows/Scalability.ini]
[2024.02.06-15.29.04:950][  0]LogConfig: Setting CVar [[r.HairStrands.SkyLighting.IntegrationType:2]]
[2024.02.06-15.29.04:950][  0]LogConfig: Setting CVar [[r.HairStrands.SkyAO.SampleCount:4]]
[2024.02.06-15.29.04:950][  0]LogConfig: Setting CVar [[r.HairStrands.Visibility.MSAA.SamplePerPixel:4]]
[2024.02.06-15.29.04:950][  0]LogInit: Selected Device Profile: [Windows]
[2024.02.06-15.29.04:950][  0]LogInit: Applying CVar settings loaded from the selected device profile: [Windows]
[2024.02.06-15.29.04:950][  0]LogHAL: Display: Platform has ~ 16 GB [17043365888 / 17179869184 / 16], which maps to Larger [LargestMinGB=32, LargerMinGB=12, DefaultMinGB=8, SmallerMinGB=6, SmallestMinGB=0)
[2024.02.06-15.29.04:950][  0]LogInit: Going up to parent DeviceProfile []
[2024.02.06-15.29.04:950][  0]LogConfig: Applying CVar settings from Section [ViewDistanceQuality@3] File [D:/kali/studia/unreal projekty/megadomas/Saved/Config/Windows/Scalability.ini]
[2024.02.06-15.29.04:950][  0]LogConfig: Setting CVar [[r.SkeletalMeshLODBias:0]]
[2024.02.06-15.29.04:950][  0]LogConfig: Setting CVar [[r.ViewDistanceScale:1.0]]
[2024.02.06-15.29.04:950][  0]LogConfig: Applying CVar settings from Section [AntiAliasingQuality@3] File [D:/kali/studia/unreal projekty/megadomas/Saved/Config/Windows/Scalability.ini]
[2024.02.06-15.29.04:950][  0]LogConfig: Setting CVar [[r.PostProcessAAQuality:4]]
[2024.02.06-15.29.04:950][  0]LogConfig: Applying CVar settings from Section [ShadowQuality@3] File [D:/kali/studia/unreal projekty/megadomas/Saved/Config/Windows/Scalability.ini]
[2024.02.06-15.29.04:950][  0]LogConfig: Setting CVar [[r.LightFunctionQuality:1]]
[2024.02.06-15.29.04:950][  0]LogConfig: Setting CVar [[r.ShadowQuality:5]]
[2024.02.06-15.29.04:951][  0]LogConfig: Setting CVar [[r.Shadow.CSM.MaxCascades:10]]
[2024.02.06-15.29.04:951][  0]LogConfig: Setting CVar [[r.Shadow.MaxResolution:2048]]
[2024.02.06-15.29.04:951][  0]LogConfig: Setting CVar [[r.Shadow.MaxCSMResolution:2048]]
[2024.02.06-15.29.04:951][  0]LogConfig: Setting CVar [[r.Shadow.RadiusThreshold:0.01]]
[2024.02.06-15.29.04:951][  0]LogConfig: Setting CVar [[r.Shadow.DistanceScale:1.0]]
[2024.02.06-15.29.04:951][  0]LogConfig: Setting CVar [[r.Shadow.CSM.TransitionScale:1.0]]
[2024.02.06-15.29.04:951][  0]LogConfig: Setting CVar [[r.Shadow.PreShadowResolutionFactor:1.0]]
[2024.02.06-15.29.04:951][  0]LogConfig: Setting CVar [[r.DistanceFieldShadowing:1]]
[2024.02.06-15.29.04:951][  0]LogConfig: Setting CVar [[r.DistanceFieldAO:1]]
[2024.02.06-15.29.04:951][  0]LogConfig: Setting CVar [[r.AOQuality:2]]
[2024.02.06-15.29.04:951][  0]LogConfig: Setting CVar [[r.VolumetricFog:1]]
[2024.02.06-15.29.04:951][  0]LogConfig: Setting CVar [[r.VolumetricFog.GridPixelSize:8]]
[2024.02.06-15.29.04:951][  0]LogConfig: Setting CVar [[r.VolumetricFog.GridSizeZ:128]]
[2024.02.06-15.29.04:951][  0]LogConfig: Setting CVar [[r.VolumetricFog.HistoryMissSupersampleCount:4]]
[2024.02.06-15.29.04:951][  0]LogConfig: Setting CVar [[r.LightMaxDrawDistanceScale:1]]
[2024.02.06-15.29.04:951][  0]LogConfig: Setting CVar [[r.CapsuleShadows:1]]
[2024.02.06-15.29.04:951][  0]LogConfig: Applying CVar settings from Section [PostProcessQuality@3] File [D:/kali/studia/unreal projekty/megadomas/Saved/Config/Windows/Scalability.ini]
[2024.02.06-15.29.04:951][  0]LogConfig: Setting CVar [[r.MotionBlurQuality:4]]
[2024.02.06-15.29.04:951][  0]LogConfig: Setting CVar [[r.AmbientOcclusionMipLevelFactor:0.4]]
[2024.02.06-15.29.04:951][  0]LogConfig: Setting CVar [[r.AmbientOcclusionMaxQuality:100]]
[2024.02.06-15.29.04:951][  0]LogConfig: Setting CVar [[r.AmbientOcclusionLevels:-1]]
[2024.02.06-15.29.04:951][  0]LogConfig: Setting CVar [[r.AmbientOcclusionRadiusScale:1.0]]
[2024.02.06-15.29.04:951][  0]LogConfig: Setting CVar [[r.DepthOfFieldQuality:2]]
[2024.02.06-15.29.04:951][  0]LogConfig: Setting CVar [[r.RenderTargetPoolMin:400]]
[2024.02.06-15.29.04:951][  0]LogConfig: Setting CVar [[r.LensFlareQuality:2]]
[2024.02.06-15.29.04:951][  0]LogConfig: Setting CVar [[r.SceneColorFringeQuality:1]]
[2024.02.06-15.29.04:951][  0]LogConfig: Setting CVar [[r.EyeAdaptationQuality:2]]
[2024.02.06-15.29.04:951][  0]LogConfig: Setting CVar [[r.BloomQuality:5]]
[2024.02.06-15.29.04:951][  0]LogConfig: Setting CVar [[r.FastBlurThreshold:100]]
[2024.02.06-15.29.04:951][  0]LogConfig: Setting CVar [[r.Upscale.Quality:3]]
[2024.02.06-15.29.04:951][  0]LogConfig: Setting CVar [[r.Tonemapper.GrainQuantization:1]]
[2024.02.06-15.29.04:951][  0]LogConfig: Setting CVar [[r.LightShaftQuality:1]]
[2024.02.06-15.29.04:951][  0]LogConfig: Setting CVar [[r.Filter.SizeScale:1]]
[2024.02.06-15.29.04:951][  0]LogConfig: Setting CVar [[r.Tonemapper.Quality:5]]
[2024.02.06-15.29.04:951][  0]LogConfig: Setting CVar [[r.DOF.Gather.AccumulatorQuality:1        ; higher gathering accumulator quality]]
[2024.02.06-15.29.04:951][  0]LogConfig: Setting CVar [[r.DOF.Gather.PostfilterMethod:1          ; Median3x3 postfilering method]]
[2024.02.06-15.29.04:951][  0]LogConfig: Setting CVar [[r.DOF.Gather.EnableBokehSettings:0       ; no bokeh simulation when gathering]]
[2024.02.06-15.29.04:951][  0]LogConfig: Setting CVar [[r.DOF.Gather.RingCount:4                 ; medium number of samples when gathering]]
[2024.02.06-15.29.04:951][  0]LogConfig: Setting CVar [[r.DOF.Scatter.ForegroundCompositing:1    ; additive foreground scattering]]
[2024.02.06-15.29.04:951][  0]LogConfig: Setting CVar [[r.DOF.Scatter.BackgroundCompositing:2    ; additive background scattering]]
[2024.02.06-15.29.04:951][  0]LogConfig: Setting CVar [[r.DOF.Scatter.EnableBokehSettings:1      ; bokeh simulation when scattering]]
[2024.02.06-15.29.04:951][  0]LogConfig: Setting CVar [[r.DOF.Scatter.MaxSpriteRatio:0.1         ; only a maximum of 10% of scattered bokeh]]
[2024.02.06-15.29.04:951][  0]LogConfig: Setting CVar [[r.DOF.Recombine.Quality:1                ; cheap slight out of focus]]
[2024.02.06-15.29.04:951][  0]LogConfig: Setting CVar [[r.DOF.Recombine.EnableBokehSettings:0    ; no bokeh simulation on slight out of focus]]
[2024.02.06-15.29.04:951][  0]LogConfig: Setting CVar [[r.DOF.TemporalAAQuality:1                ; more stable temporal accumulation]]
[2024.02.06-15.29.04:951][  0]LogConfig: Setting CVar [[r.DOF.Kernel.MaxForegroundRadius:0.025]]
[2024.02.06-15.29.04:951][  0]LogConfig: Setting CVar [[r.DOF.Kernel.MaxBackgroundRadius:0.025]]
[2024.02.06-15.29.04:951][  0]LogConfig: Applying CVar settings from Section [TextureQuality@3] File [D:/kali/studia/unreal projekty/megadomas/Saved/Config/Windows/Scalability.ini]
[2024.02.06-15.29.04:951][  0]LogConfig: Setting CVar [[r.Streaming.MipBias:0]]
[2024.02.06-15.29.04:951][  0]LogConfig: Setting CVar [[r.Streaming.AmortizeCPUToGPUCopy:0]]
[2024.02.06-15.29.04:951][  0]LogConfig: Setting CVar [[r.Streaming.MaxNumTexturesToStreamPerFrame:0]]
[2024.02.06-15.29.04:951][  0]LogConfig: Setting CVar [[r.Streaming.Boost:1]]
[2024.02.06-15.29.04:951][  0]LogConfig: Setting CVar [[r.MaxAnisotropy:8]]
[2024.02.06-15.29.04:951][  0]LogConfig: Setting CVar [[r.VT.MaxAnisotropy:8]]
[2024.02.06-15.29.04:951][  0]LogConfig: Setting CVar [[r.Streaming.LimitPoolSizeToVRAM:0]]
[2024.02.06-15.29.04:951][  0]LogConfig: Setting CVar [[r.Streaming.PoolSize:1000]]
[2024.02.06-15.29.04:951][  0]LogConfig: Setting CVar [[r.Streaming.MaxEffectiveScreenSize:0]]
[2024.02.06-15.29.04:951][  0]LogConfig: Applying CVar settings from Section [EffectsQuality@3] File [D:/kali/studia/unreal projekty/megadomas/Saved/Config/Windows/Scalability.ini]
[2024.02.06-15.29.04:951][  0]LogConfig: Setting CVar [[r.TranslucencyLightingVolumeDim:64]]
[2024.02.06-15.29.04:951][  0]LogConfig: Setting CVar [[r.RefractionQuality:2]]
[2024.02.06-15.29.04:951][  0]LogConfig: Setting CVar [[r.SSR.Quality:3]]
[2024.02.06-15.29.04:951][  0]LogConfig: Setting CVar [[r.SSR.HalfResSceneColor:0]]
[2024.02.06-15.29.04:951][  0]LogConfig: Setting CVar [[r.SceneColorFormat:4]]
[2024.02.06-15.29.04:951][  0]LogConfig: Setting CVar [[r.DetailMode:2]]
[2024.02.06-15.29.04:951][  0]LogConfig: Setting CVar [[r.TranslucencyVolumeBlur:1]]
[2024.02.06-15.29.04:951][  0]LogConfig: Setting CVar [[r.MaterialQualityLevel:1 ; High quality]]
[2024.02.06-15.29.04:951][  0]LogConfig: Setting CVar [[r.AnisotropicMaterials:1]]
[2024.02.06-15.29.04:951][  0]LogConfig: Setting CVar [[r.SSS.Scale:1]]
[2024.02.06-15.29.04:951][  0]LogConfig: Setting CVar [[r.SSS.SampleSet:2]]
[2024.02.06-15.29.04:951][  0]LogConfig: Setting CVar [[r.SSS.Quality:1]]
[2024.02.06-15.29.04:951][  0]LogConfig: Setting CVar [[r.SSS.HalfRes:0]]
[2024.02.06-15.29.04:951][  0]LogConfig: Setting CVar [[r.SSGI.Quality:3]]
[2024.02.06-15.29.04:951][  0]LogConfig: Setting CVar [[r.EmitterSpawnRateScale:1.0]]
[2024.02.06-15.29.04:951][  0]LogConfig: Setting CVar [[r.ParticleLightQuality:2]]
[2024.02.06-15.29.04:951][  0]LogConfig: Setting CVar [[r.SkyAtmosphere.AerialPerspectiveLUT.FastApplyOnOpaque:1 ; Always have FastSkyLUT 1 in this case to avoid wrong sky]]
[2024.02.06-15.29.04:951][  0]LogConfig: Setting CVar [[r.SkyAtmosphere.AerialPerspectiveLUT.SampleCountMaxPerSlice:4]]
[2024.02.06-15.29.04:951][  0]LogConfig: Setting CVar [[r.SkyAtmosphere.AerialPerspectiveLUT.DepthResolution:16.0]]
[2024.02.06-15.29.04:951][  0]LogConfig: Setting CVar [[r.SkyAtmosphere.FastSkyLUT:1]]
[2024.02.06-15.29.04:951][  0]LogConfig: Setting CVar [[r.SkyAtmosphere.FastSkyLUT.SampleCountMin:4.0]]
[2024.02.06-15.29.04:951][  0]LogConfig: Setting CVar [[r.SkyAtmosphere.FastSkyLUT.SampleCountMax:128.0]]
[2024.02.06-15.29.04:951][  0]LogConfig: Setting CVar [[r.SkyAtmosphere.SampleCountMin:4.0]]
[2024.02.06-15.29.04:951][  0]LogConfig: Setting CVar [[r.SkyAtmosphere.SampleCountMax:128.0]]
[2024.02.06-15.29.04:951][  0]LogConfig: Setting CVar [[r.SkyAtmosphere.TransmittanceLUT.UseSmallFormat:0]]
[2024.02.06-15.29.04:951][  0]LogConfig: Setting CVar [[r.SkyAtmosphere.TransmittanceLUT.SampleCount:10.0]]
[2024.02.06-15.29.04:951][  0]LogConfig: Setting CVar [[r.SkyAtmosphere.MultiScatteringLUT.SampleCount:15.0]]
[2024.02.06-15.29.04:951][  0]LogConfig: Setting CVar [[r.SkyLight.RealTimeReflectionCapture:1]]
[2024.02.06-15.29.04:951][  0]LogConfig: Applying CVar settings from Section [FoliageQuality@3] File [D:/kali/studia/unreal projekty/megadomas/Saved/Config/Windows/Scalability.ini]
[2024.02.06-15.29.04:951][  0]LogConfig: Setting CVar [[foliage.DensityScale:1.0]]
[2024.02.06-15.29.04:951][  0]LogConfig: Setting CVar [[grass.DensityScale:1.0]]
[2024.02.06-15.29.04:951][  0]LogConfig: Applying CVar settings from Section [ShadingQuality@3] File [D:/kali/studia/unreal projekty/megadomas/Saved/Config/Windows/Scalability.ini]
[2024.02.06-15.29.04:951][  0]LogConfig: Setting CVar [[r.HairStrands.SkyLighting.IntegrationType:2]]
[2024.02.06-15.29.04:951][  0]LogConfig: Setting CVar [[r.HairStrands.SkyAO.SampleCount:4]]
[2024.02.06-15.29.04:951][  0]LogConfig: Setting CVar [[r.HairStrands.Visibility.MSAA.SamplePerPixel:4]]
[2024.02.06-15.29.04:951][  0]LogConfig: Applying CVar settings from Section [Startup] File [../../../Engine/Config/ConsoleVariables.ini]
[2024.02.06-15.29.04:951][  0]LogConfig: Setting CVar [[net.UseAdaptiveNetUpdateFrequency:0]]
[2024.02.06-15.29.04:951][  0]LogConfig: Setting CVar [[p.chaos.AllowCreatePhysxBodies:1]]
[2024.02.06-15.29.04:951][  0]LogConfig: Setting CVar [[fx.SkipVectorVMBackendOptimizations:1]]
[2024.02.06-15.29.04:951][  0]LogConfig: Applying CVar settings from Section [ConsoleVariables] File [D:/kali/studia/unreal projekty/megadomas/Saved/Config/Windows/Engine.ini]
[2024.02.06-15.29.04:951][  0]LogConfig: Applying CVar settings from Section [ConsoleVariables] File [D:/kali/studia/unreal projekty/megadomas/Saved/Config/Windows/Editor.ini]
[2024.02.06-15.29.04:951][  0]LogInit: Computer: KASIA
[2024.02.06-15.29.04:951][  0]LogInit: User: lakom
[2024.02.06-15.29.04:951][  0]LogInit: CPU Page size=4096, Cores=8
[2024.02.06-15.29.04:951][  0]LogInit: High frequency timer resolution =10.000000 MHz
[2024.02.06-15.29.04:952][  0]LogMemory: Memory total: Physical=15.9GB (16GB approx)
[2024.02.06-15.29.04:952][  0]LogMemory: Platform Memory Stats for Windows
[2024.02.06-15.29.04:952][  0]LogMemory: Process Physical Memory: 147.69 MB used, 147.69 MB peak
[2024.02.06-15.29.04:952][  0]LogMemory: Process Virtual Memory: 130.83 MB used, 130.83 MB peak
[2024.02.06-15.29.04:952][  0]LogMemory: Physical Memory: 8536.91 MB used,  7716.91 MB free, 16253.82 MB total
[2024.02.06-15.29.04:952][  0]LogMemory: Virtual Memory: 134205312.00 MB used,  12416.18 MB free, 134217728.00 MB total
[2024.02.06-15.29.04:953][  0]LogWindows: WindowsPlatformFeatures enabled
[2024.02.06-15.29.04:993][  0]LogInit: Physics initialised using underlying interface: PhysX
[2024.02.06-15.29.04:993][  0]LogInit: Using OS detected language (pl-PL).
[2024.02.06-15.29.04:993][  0]LogInit: Using OS detected locale (pl-PL).
[2024.02.06-15.29.04:997][  0]LogTextLocalizationManager: No specific localization for 'pl-PL' exists, so the 'pl' localization will be used.
[2024.02.06-15.29.04:997][  0]LogTextLocalizationResource: LocRes '../../../Engine/Content/Localization/Editor/pl/Editor.locres' could not be opened for reading!
[2024.02.06-15.29.04:997][  0]LogTextLocalizationResource: LocRes '../../../Engine/Content/Localization/EditorTutorials/pl/EditorTutorials.locres' could not be opened for reading!
[2024.02.06-15.29.04:998][  0]LogTextLocalizationResource: LocRes '../../../Engine/Content/Localization/Keywords/pl/Keywords.locres' could not be opened for reading!
[2024.02.06-15.29.04:998][  0]LogTextLocalizationResource: LocRes '../../../Engine/Content/Localization/Category/pl/Category.locres' could not be opened for reading!
[2024.02.06-15.29.04:998][  0]LogTextLocalizationResource: LocRes '../../../Engine/Content/Localization/ToolTips/pl/ToolTips.locres' could not be opened for reading!
[2024.02.06-15.29.04:998][  0]LogTextLocalizationResource: LocRes '../../../Engine/Content/Localization/PropertyNames/pl/PropertyNames.locres' could not be opened for reading!
[2024.02.06-15.29.04:999][  0]LogTextLocalizationResource: LocRes '../../../Engine/Content/Localization/Engine/pl/Engine.locres' could not be opened for reading!
[2024.02.06-15.29.05:000][  0]LogInit: Setting process to per monitor DPI aware
[2024.02.06-15.29.05:014][  0]LogWindowsTextInputMethodSystem: Display: IME system deactivated.
[2024.02.06-15.29.05:029][  0]LogSlate: New Slate User Created.  User Index 0, Is Virtual User: 0
[2024.02.06-15.29.05:029][  0]LogSlate: Slate User Registered.  User Index 0, Is Virtual User: 0
[2024.02.06-15.29.05:237][  0]LogD3D11RHI: Loaded GFSDK_Aftermath_Lib.x64.dll
[2024.02.06-15.29.05:274][  0]LogHMD: Failed to initialize OpenVR with code 110
[2024.02.06-15.29.05:274][  0]LogD3D11RHI: D3D11 min allowed feature level: 11_0
[2024.02.06-15.29.05:274][  0]LogD3D11RHI: D3D11 max allowed feature level: 11_0
[2024.02.06-15.29.05:274][  0]LogD3D11RHI: D3D11 adapters:
[2024.02.06-15.29.05:390][  0]LogD3D11RHI:    0. 'NVIDIA GeForce RTX 3070 Laptop GPU' (Feature Level 11_0)
[2024.02.06-15.29.05:390][  0]LogD3D11RHI:       8033/0/8126 MB DedicatedVideo/DedicatedSystem/SharedSystem, Outputs:1, VendorId:0x10de
[2024.02.06-15.29.05:421][  0]LogD3D11RHI:    1. 'Intel(R) UHD Graphics' (Feature Level 11_0)
[2024.02.06-15.29.05:421][  0]LogD3D11RHI:       128/0/8126 MB DedicatedVideo/DedicatedSystem/SharedSystem, Outputs:0, VendorId:0x8086
[2024.02.06-15.29.05:423][  0]LogD3D11RHI:    2. 'Microsoft Basic Render Driver' (Feature Level 11_0)
[2024.02.06-15.29.05:423][  0]LogD3D11RHI:       0/0/8126 MB DedicatedVideo/DedicatedSystem/SharedSystem, Outputs:0, VendorId:0x1414
[2024.02.06-15.29.05:423][  0]LogD3D11RHI: Chosen D3D11 Adapter:
[2024.02.06-15.29.05:423][  0]LogD3D11RHI:     Description : NVIDIA GeForce RTX 3070 Laptop GPU
[2024.02.06-15.29.05:423][  0]LogD3D11RHI:     VendorId    : 10de
[2024.02.06-15.29.05:423][  0]LogD3D11RHI:     DeviceId    : 24dd
[2024.02.06-15.29.05:423][  0]LogD3D11RHI:     SubSysId    : 75c11458
[2024.02.06-15.29.05:423][  0]LogD3D11RHI:     Revision    : 00a1
[2024.02.06-15.29.05:423][  0]LogD3D11RHI:     DedicatedVideoMemory : 8423211008 bytes
[2024.02.06-15.29.05:423][  0]LogD3D11RHI:     DedicatedSystemMemory : 0 bytes
[2024.02.06-15.29.05:423][  0]LogD3D11RHI:     SharedSystemMemory : 8521682944 bytes
[2024.02.06-15.29.05:423][  0]LogD3D11RHI:     AdapterLuid : 0 84471
[2024.02.06-15.29.05:428][  0]LogD3D11RHI: Creating new Direct3DDevice
[2024.02.06-15.29.05:428][  0]LogD3D11RHI:     GPU DeviceId: 0x24dd (for the marketing name, search the web for "GPU Device Id")
[2024.02.06-15.29.05:428][  0]LogWindows: EnumDisplayDevices:
[2024.02.06-15.29.05:428][  0]LogWindows:    0. 'Intel(R) UHD Graphics' (P:1 D:1)
[2024.02.06-15.29.05:428][  0]LogWindows:    1. 'Intel(R) UHD Graphics' (P:0 D:0)
[2024.02.06-15.29.05:428][  0]LogWindows:    2. 'Intel(R) UHD Graphics' (P:0 D:0)
[2024.02.06-15.29.05:429][  0]LogWindows:    3. 'NVIDIA GeForce RTX 3070 Laptop GPU' (P:0 D:0)
[2024.02.06-15.29.05:429][  0]LogWindows:    4. 'NVIDIA GeForce RTX 3070 Laptop GPU' (P:0 D:0)
[2024.02.06-15.29.05:429][  0]LogWindows:    5. 'NVIDIA GeForce RTX 3070 Laptop GPU' (P:0 D:0)
[2024.02.06-15.29.05:429][  0]LogWindows:    6. 'NVIDIA GeForce RTX 3070 Laptop GPU' (P:0 D:0)
[2024.02.06-15.29.05:429][  0]LogWindows: DebugString: PrimaryIsNotTheChoosenAdapter PrimaryIsNotTheChoosenAdapter PrimaryIsNotTheChoosenAdapter FoundDriverCount:4 
[2024.02.06-15.29.05:429][  0]LogD3D11RHI:     Adapter Name: NVIDIA GeForce RTX 3070 Laptop GPU
[2024.02.06-15.29.05:429][  0]LogD3D11RHI:   Driver Version: 531.61 (internal:31.0.15.3161, unified:531.61)
[2024.02.06-15.29.05:429][  0]LogD3D11RHI:      Driver Date: 4-8-2023
[2024.02.06-15.29.05:429][  0]LogRHI: Texture pool is 5623 MB (70% of 8033 MB)
[2024.02.06-15.29.05:429][  0]LogD3D11RHI: Creating D3DDevice using adapter:
[2024.02.06-15.29.05:429][  0]LogD3D11RHI:     Description : NVIDIA GeForce RTX 3070 Laptop GPU
[2024.02.06-15.29.05:429][  0]LogD3D11RHI:     VendorId    : 10de
[2024.02.06-15.29.05:429][  0]LogD3D11RHI:     DeviceId    : 24dd
[2024.02.06-15.29.05:429][  0]LogD3D11RHI:     SubSysId    : 75c11458
[2024.02.06-15.29.05:429][  0]LogD3D11RHI:     Revision    : 00a1
[2024.02.06-15.29.05:429][  0]LogD3D11RHI:     DedicatedVideoMemory : 8423211008 bytes
[2024.02.06-15.29.05:429][  0]LogD3D11RHI:     DedicatedSystemMemory : 0 bytes
[2024.02.06-15.29.05:429][  0]LogD3D11RHI:     SharedSystemMemory : 8521682944 bytes
[2024.02.06-15.29.05:429][  0]LogD3D11RHI:     AdapterLuid : 0 84471
[2024.02.06-15.29.05:500][  0]LogD3D11RHI: RHI has support for 64 bit atomics
[2024.02.06-15.29.05:500][  0]LogD3D11RHI: Async texture creation enabled
[2024.02.06-15.29.05:500][  0]LogD3D11RHI: Array index from any shader is supported
[2024.02.06-15.29.05:521][  0]LogD3D11RHI: GPU Timing Frequency: 1000.000000 (Debug: 2 2)
[2024.02.06-15.29.05:552][  0]LogRHI: GeForceNow SDK initialized: 1
[2024.02.06-15.29.05:782][  0]LogTargetPlatformManager: Display: Loaded TargetPlatform 'AllDesktop'
[2024.02.06-15.29.05:803][  0]LogTargetPlatformManager: Display: Loaded TargetPlatform 'Android'
[2024.02.06-15.29.05:803][  0]LogTargetPlatformManager: Display: Loaded TargetPlatform 'Android_ASTC'
[2024.02.06-15.29.05:803][  0]LogTargetPlatformManager: Display: Loaded TargetPlatform 'Android_DXT'
[2024.02.06-15.29.05:803][  0]LogTargetPlatformManager: Display: Loaded TargetPlatform 'Android_ETC2'
[2024.02.06-15.29.05:803][  0]LogTargetPlatformManager: Display: Loaded TargetPlatform 'AndroidClient'
[2024.02.06-15.29.05:803][  0]LogTargetPlatformManager: Display: Loaded TargetPlatform 'Android_ASTCClient'
[2024.02.06-15.29.05:803][  0]LogTargetPlatformManager: Display: Loaded TargetPlatform 'Android_DXTClient'
[2024.02.06-15.29.05:803][  0]LogTargetPlatformManager: Display: Loaded TargetPlatform 'Android_ETC2Client'
[2024.02.06-15.29.05:803][  0]LogTargetPlatformManager: Display: Loaded TargetPlatform 'Android_Multi'
[2024.02.06-15.29.05:803][  0]LogTargetPlatformManager: Display: Loaded TargetPlatform 'Android_MultiClient'
[2024.02.06-15.29.05:827][  0]LogTargetPlatformManager: Display: Loaded TargetPlatform 'IOSClient'
[2024.02.06-15.29.05:827][  0]LogTargetPlatformManager: Display: Loaded TargetPlatform 'IOS'
[2024.02.06-15.29.05:840][  0]LogTargetPlatformManager: Display: Loaded TargetPlatform 'Linux'
[2024.02.06-15.29.05:844][  0]LogTargetPlatformManager: Display: Loaded TargetPlatform 'LinuxNoEditor'
[2024.02.06-15.29.05:849][  0]LogTargetPlatformManager: Display: Loaded TargetPlatform 'LinuxClient'
[2024.02.06-15.29.05:853][  0]LogTargetPlatformManager: Display: Loaded TargetPlatform 'LinuxServer'
[2024.02.06-15.29.05:866][  0]LogTargetPlatformManager: Display: Loaded TargetPlatform 'LinuxAArch64NoEditor'
[2024.02.06-15.29.05:870][  0]LogTargetPlatformManager: Display: Loaded TargetPlatform 'LinuxAArch64Client'
[2024.02.06-15.29.05:874][  0]LogTargetPlatformManager: Display: Loaded TargetPlatform 'LinuxAArch64Server'
[2024.02.06-15.29.05:905][  0]LogTargetPlatformManager: Display: Loaded TargetPlatform 'Lumin'
[2024.02.06-15.29.05:905][  0]LogTargetPlatformManager: Display: Loaded TargetPlatform 'LuminClient'
[2024.02.06-15.29.05:917][  0]LogTargetPlatformManager: Display: Loaded TargetPlatform 'MacNoEditor'
[2024.02.06-15.29.05:922][  0]LogTargetPlatformManager: Display: Loaded TargetPlatform 'Mac'
[2024.02.06-15.29.05:927][  0]LogTargetPlatformManager: Display: Loaded TargetPlatform 'MacClient'
[2024.02.06-15.29.05:933][  0]LogTargetPlatformManager: Display: Loaded TargetPlatform 'MacServer'
[2024.02.06-15.29.05:944][  0]LogTargetPlatformManager: Display: Loaded TargetPlatform 'TVOSClient'
[2024.02.06-15.29.05:944][  0]LogTargetPlatformManager: Display: Loaded TargetPlatform 'TVOS'
[2024.02.06-15.29.05:958][  0]LogTargetPlatformManager: Display: Loaded TargetPlatform 'WindowsNoEditor'
[2024.02.06-15.29.05:963][  0]LogTargetPlatformManager: Display: Loaded TargetPlatform 'Windows'
[2024.02.06-15.29.05:969][  0]LogTargetPlatformManager: Display: Loaded TargetPlatform 'WindowsClient'
[2024.02.06-15.29.05:974][  0]LogTargetPlatformManager: Display: Loaded TargetPlatform 'WindowsServer'
[2024.02.06-15.29.05:974][  0]LogTargetPlatformManager: Display: Building Assets For Windows
[2024.02.06-15.29.05:984][  0]LogAudioDebug: Display: Lib vorbis DLL was dynamically loaded.
[2024.02.06-15.29.06:050][  0]LogTextureFormatOodle: Display: Oodle Texture 2.9.0 init RDO Off
[2024.02.06-15.29.06:092][  0]LogRendererCore: Ray tracing is disabled. Reason: r.RayTracing=0.
[2024.02.06-15.29.06:092][  0]LogShaderCompilers: Guid format shader working directory is -7 characters bigger than the processId version (../../../../../kali/studia/unreal projekty/megadomas/Intermediate/Shaders/WorkingDirectory/12892/).
[2024.02.06-15.29.06:093][  0]LogShaderCompilers: Cleaned the shader compiler working directory 'C:/Users/lakom/AppData/Local/Temp/UnrealShaderWorkingDir/08554790493049D2054BD7BEA89BE503/'.
[2024.02.06-15.29.06:093][  0]LogXGEController: Cannot use XGE Controller as Incredibuild is not installed on this machine.
[2024.02.06-15.29.06:093][  0]LogShaderCompilers: Cannot use XGE Shader Compiler as Incredibuild is not installed on this machine.
[2024.02.06-15.29.06:093][  0]LogShaderCompilers: Display: Using Local Shader Compiler.
[2024.02.06-15.29.06:715][  0]LogDerivedDataCache: Display: Max Cache Size: 512 MB
[2024.02.06-15.29.06:759][  0]LogDerivedDataCache: Loaded boot cache 0.04s 94MB C:/Users/lakom/AppData/Local/UnrealEngine/4.27/DerivedDataCache/Boot.ddc.
[2024.02.06-15.29.06:759][  0]LogDerivedDataCache: Display: Loaded Boot cache: C:/Users/lakom/AppData/Local/UnrealEngine/4.27/DerivedDataCache/Boot.ddc
[2024.02.06-15.29.06:759][  0]LogDerivedDataCache: FDerivedDataBackendGraph:  Pak pak cache file ../../../../../kali/studia/unreal projekty/megadomas/DerivedDataCache/DDC.ddp not found, will not use a pak cache.
[2024.02.06-15.29.06:759][  0]LogDerivedDataCache: Unable to find inner node Pak for hierarchical cache Hierarchy.
[2024.02.06-15.29.06:759][  0]LogDerivedDataCache: FDerivedDataBackendGraph:  CompressedPak pak cache file ../../../../../kali/studia/unreal projekty/megadomas/DerivedDataCache/Compressed.ddp not found, will not use a pak cache.
[2024.02.06-15.29.06:759][  0]LogDerivedDataCache: Unable to find inner node CompressedPak for hierarchical cache Hierarchy.
[2024.02.06-15.29.06:772][  0]LogDerivedDataCache: Display: Pak cache opened for reading ../../../Engine/DerivedDataCache/Compressed.ddp.
[2024.02.06-15.29.06:772][  0]LogDerivedDataCache: FDerivedDataBackendGraph:  EnterprisePak pak cache file ../../../Enterprise/DerivedDataCache/Compressed.ddp not found, will not use a pak cache.
[2024.02.06-15.29.06:772][  0]LogDerivedDataCache: Unable to find inner node EnterprisePak for hierarchical cache Hierarchy.
[2024.02.06-15.29.06:781][  0]LogDerivedDataCache: Speed tests for C:/Users/lakom/AppData/Local/UnrealEngine/Common/DerivedDataCache took 0.01 seconds
[2024.02.06-15.29.06:781][  0]LogDerivedDataCache: Display: Performance to C:/Users/lakom/AppData/Local/UnrealEngine/Common/DerivedDataCache: Latency=0.03ms. RandomReadSpeed=1456.73MBs, RandomWriteSpeed=130.72MBs. Assigned SpeedClass 'Local'
[2024.02.06-15.29.06:781][  0]LogDerivedDataCache: Using Local data cache path C:/Users/lakom/AppData/Local/UnrealEngine/Common/DerivedDataCache: Writable
[2024.02.06-15.29.06:781][  0]LogDerivedDataCache: Shared data cache path not found in *engine.ini, will not use an Shared cache.
[2024.02.06-15.29.06:781][  0]LogDerivedDataCache: Unable to find inner node Shared for hierarchical cache Hierarchy.
[2024.02.06-15.29.06:823][  0]LogSlate: Using FreeType 2.10.0
[2024.02.06-15.29.06:824][  0]LogSlate: SlateFontServices - WITH_FREETYPE: 1, WITH_HARFBUZZ: 1
[2024.02.06-15.29.06:847][  0]LogAssetRegistry: FAssetRegistry took 0.0020 seconds to start up
[2024.02.06-15.29.07:024][  0]LogInit: Selected Device Profile: [Windows]
[2024.02.06-15.29.07:024][  0]LogInit: Active device profile: [000001F5176BC900][000001F50B0515C0 49] Windows
[2024.02.06-15.29.07:024][  0]LogInit: Profiles: [000001F5176BC900][000001F50B0515C0 49] Windows, [000001F517693800][000001F50B275740 49] WindowsNoEditor, [000001F5176BF500][000001F50B2798C0 49] WindowsServer, [000001F517690E00][000001F50B27DA40 49] WindowsClient, [000001F5176BF800][000001F5144C5BC0 49] IOS, [000001F517692800][000001F5144C81C0 49] iPadAir, [000001F5176BE000][000001F5144CC340 49] iPadAir2, [000001F517634A00][000001F50B2705C0 49] IPadPro, [000001F517634B00][000001F5144D0600 49] iPadAir3, [000001F517691900][000001F5144D4740 49] iPadAir4, [000001F517637400][000001F5144D8880 49] iPadMini2, [000001F517692A00][000001F5144DC9C0 49] iPadMini3, [000001F517635700][000001F57F2F6B40 49] iPadMini4, [000001F5176BD100][000001F57F2FACC0 49] iPadMini5, [000001F51763C300][000001F57F302F80 49] iPhone6, [000001F51763C400][000001F57F2FEFC0 49] iPodTouch6, [000001F517627F00][000001F57F30B280 49] iPhone7, [000001F517627E00][000001F57F3072C0 49] iPodTouch7, [000001F517692000][000001F57F30F440 49] iPhone5S, [000001F517625A00][000001F57F3135C0 49] iPhone6Plus, [000001F51763C200][000001F57F317740 49] iPhone6S, [000001F517624600][000001F57F31B8C0 49] iPhone6SPlus, [000001F51763E900][000001F57F31FA40 49] iPhone7Plus, [000001F517627100][000001F51682FBC0 49] iPhoneSE, [000001F51763E200][000001F5168321C0 49] iPhone8, [000001F517627B00][000001F516836340 49] iPhone8Plus, [000001F51763CA00][000001F51683A4C0 49] iPhoneX, [000001F517625400][000001F51683E640 49] iPhoneXS, [000001F51763F900][000001F57F2F2780 49] iPhoneXSMax, [000001F517624900][000001F5168428C0 49] iPhoneXR, [000001F51763EF00][000001F516846A00 49] iPhone11, [000001F517625300][000001F51684AB40 49] iPhone11Pro, [000001F51763D000][000001F516852CC0 49] iPhone11ProMax, [000001F517626A00][000001F516856E40 49] iPhoneSE2, [000001F51763D400][000001F51685AFC0 49] iPhone12Mini, [000001F517626400][000001F51685F140 49] iPhone12, [000001F51763CD00][000001F5168632C0 49] iPhone12Pro, [000001F517626B00][000001F516867440 49] iPhone12ProMax, [000001F51763F000][000001F51686B5C0 49] iPadPro105, [000001F517624700][000001F51686F740 49] iPadPro129, [000001F51763E800][000001F5168738C0 49] iPadPro97, [000001F517626600][000001F516877A40 49] iPadPro2_129, [000001F51763FC00][000001F51687BBC0 49] iPad5, [000001F517626200][000001F51687E1C0 49] iPad6, [000001F51763CF00][000001F516882340 49] iPad7, [000001F517626D00][000001F5168864C0 49] iPad8, [000001F51763D100][000001F51688A640 49] iPadPro11, [000001F517625600][000001F51688E7C0 49] iPadPro2_11, [000001F51763F400][000001F516892940 49] iPadPro3_129, [000001F517626800][000001F51684EA80 49] iPadPro4_129, [000001F51763FA00][000001F516896BC0 49] AppleTV, [000001F517626100][000001F51689AD00 49] AppleTV4K, [000001F51763DF00][000001F5168A2E80 49] TVOS, [000001F517627400][000001F5168A7000 49] Mac, [000001F51763F800][000001F5168AB180 49] MacClient, [000001F517625E00][000001F5168AF300 49] MacNoEditor, [000001F51763FF00][000001F5168B3480 49] MacServer, [000001F517627500][000001F5168B7600 49] Linux, [000001F51763CC00][000001F5168BB780 49] LinuxAArch64, [000001F517626F00][000001F5168BF900 49] LinuxNoEditor, [000001F51763CB00][000001F5168C3A80 49] LinuxAArch64NoEditor, [000001F517627700][000001F5168C7C00 49] LinuxClient, [000001F51763DA00][000001F5168CA200 49] LinuxAArch64Client, [000001F517625000][000001F5168CE380 49] LinuxServer, [000001F51763E500][000001F5168D2500 49] LinuxAArch64Server, [000001F517625900][000001F5168D6680 49] Android, [000001F51763D300][000001F5168DA800 49] Android_Low, [000001F517626700][000001F5168DE980 49] Android_Mid, [000001F51763EB00][000001F5168E2B00 49] Android_High, [000001F517627800][000001F51689EC40 49] Android_Default, [000001F51763D600][000001F5168E6D80 49] Android_Adreno4xx, [000001F517625500][000001F5168EAEC0 49] Android_Adreno5xx_Low, [000001F517637600][000001F517905040 49] Android_Adreno5xx, [000001F517691800][000001F5179091C0 49] Android_Adreno6xx, [000001F517635200][000001F51790D340 49] Android_Adreno6xx_Vulkan, [000001F517693C00][000001F5179114C0 49] Android_Mali_T6xx, [000001F517635100][000001F517915640 49] Android_Mali_T7xx, [000001F517691600][000001F5179197C0 49] Android_Mali_T8xx, [000001F517635E00][000001F51791D940 49] Android_Mali_G71, [000001F517690500][000001F517921AC0 49] Android_Mali_G72, [000001F517634800][000001F5179240C0 49] Android_Mali_G72_Vulkan, [000001F517691300][000001F517928240 49] Android_Mali_G76, [000001F517634100][000001F51792C3C0 49] Android_Mali_G76_Vulkan, [000001F517691F00][000001F517930540 49] Android_Mali_G77, [000001F517635000][000001F5179346C0 49] Android_Mali_G77_Vulkan, [000001F517690A00][000001F517938840 49] Android_Mali_G78, [000001F517636C00][000001F51793C9C0 49] Android_Mali_G78_Vulkan, [000001F517693600][000001F517940B40 49] Android_Mali_G710, [000001F517636A00][000001F517944CC0 49] Android_Mali_G710_Vulkan, [000001F517693F00][000001F517900E00 49] Android_Vulkan_SM5, [000001F517637B00][000001F517948F40 49] Android_PowerVR_G6xxx, [000001F517693B00][000001F51794D080 49] Android_PowerVR_GT7xxx, [000001F517637900][000001F5179511C0 49] Android_PowerVR_GE8xxx, [000001F517690C00][000001F517959340 49] Android_PowerVR_GM9xxx, [000001F517636700][000001F51795D4C0 49] Android_PowerVR_GM9xxx_Vulkan, [000001F517692700][000001F517961640 49] Android_TegraK1, [000001F517634900][000001F5179657C0 49] Android_Unknown_Vulkan, [000001F517691D00][000001F517969940 49] Lumin, [000001F517634500][000001F51796DAC0 49] Lumin_Desktop, [000001F517693300][000001F5179700C0 49] HoloLens, 
[2024.02.06-15.29.07:143][  0]LogMeshReduction: Using QuadricMeshReduction for automatic static mesh reduction
[2024.02.06-15.29.07:143][  0]LogMeshReduction: Using SimplygonMeshReduction for automatic skeletal mesh reduction
[2024.02.06-15.29.07:143][  0]LogMeshReduction: Using ProxyLODMeshReduction for automatic mesh merging
[2024.02.06-15.29.07:143][  0]LogMeshReduction: No distributed automatic mesh merging module available
[2024.02.06-15.29.07:143][  0]LogMeshMerging: No distributed automatic mesh merging module available
[2024.02.06-15.29.07:156][  0]LogNetVersion: megadomas 1.0.0, NetCL: 17155196, EngineNetVer: 17, GameNetVer: 0 (Checksum: 1715719775)
[2024.02.06-15.29.07:445][  0]LogTexture: Default maximum texture size for cubemaps generated from long-lat sources has been changed from 512 to unlimited. In order to preserve old behaiour for '/Engine/MapTemplates/Sky/DaylightAmbientCubemap.DaylightAmbientCubemap', its maximum texture size has been explicitly set to 512.
[2024.02.06-15.29.07:493][  0]LogHMD: PokeAHoleMaterial loaded successfully
[2024.02.06-15.29.07:497][  0]LogUObjectArray: 17178 objects as part of root set at end of initial load.
[2024.02.06-15.29.07:497][  0]LogUObjectAllocator: 4302048 out of 0 bytes used by permanent object pool.
[2024.02.06-15.29.07:498][  0]LogUObjectArray: CloseDisregardForGC: 0/0 objects in disregard for GC pool
[2024.02.06-15.29.07:826][  0]LogPython: Using Python 3.7.7
[2024.02.06-15.29.08:224][  0]LogNiagaraDebuggerClient: Niagara Debugger Client Initialized | Session: EFE5B59546D11779D94DF1A45D25218A | Instance: 8B86CB2D4C6110B8EE0536889FD4F4A6 (KASIA-12892).
[2024.02.06-15.29.08:384][  0]LogTcpMessaging: Initializing TcpMessaging bridge
[2024.02.06-15.29.08:387][  0]LogUdpMessaging: Initializing bridge on interface 0.0.0.0:0 to multicast group 230.0.0.1:6666.
[2024.02.06-15.29.08:594][  0]SourceControl: Source control is disabled
[2024.02.06-15.29.08:594][  0]SourceControl: Source control is disabled
[2024.02.06-15.29.08:598][  0]SourceControl: Source control is disabled
[2024.02.06-15.29.08:601][  0]SourceControl: Source control is disabled
[2024.02.06-15.29.08:607][  0]SourceControl: Source control is disabled
[2024.02.06-15.29.08:618][  0]LogUProjectInfo: Found projects:
[2024.02.06-15.29.08:624][  0]LogVSAccessor: Display: Unable to create Visual Studio setup instance: 80040154
[2024.02.06-15.29.08:624][  0]LogVSAccessor: Display: Unable to create Visual Studio setup instance: 80040154
[2024.02.06-15.29.08:625][  0]LogVSAccessor: Display: Unable to create Visual Studio setup instance: 80040154
[2024.02.06-15.29.08:842][  0]LogOpenImageDenoise: OIDN starting up
[2024.02.06-15.29.08:909][  0]LogAndroidPermission: UAndroidPermissionCallbackProxy::GetInstance
[2024.02.06-15.29.08:932][  0]LogAudioCaptureCore: Display: No Audio Capture implementations found. Audio input will be silent.
[2024.02.06-15.29.08:932][  0]LogAudioCaptureCore: Display: No Audio Capture implementations found. Audio input will be silent.
[2024.02.06-15.29.09:038][  0]LogCollectionManager: Loaded 0 collections in 0.001186 seconds
[2024.02.06-15.29.09:069][  0]LogFileCache: Scanning file cache for directory 'D:/kali/studia/unreal projekty/megadomas/Saved/Collections/' took 0.00s
[2024.02.06-15.29.09:069][  0]LogFileCache: Scanning file cache for directory 'D:/kali/studia/unreal projekty/megadomas/Content/Developers/lakom/Collections/' took 0.00s
[2024.02.06-15.29.09:069][  0]LogFileCache: Scanning file cache for directory 'D:/kali/studia/unreal projekty/megadomas/Content/Collections/' took 0.00s
[2024.02.06-15.29.09:069][  0]LogOcInput: OculusInput pre-init called
[2024.02.06-15.29.09:266][  0]LogEngine: Initializing Engine...
[2024.02.06-15.29.09:269][  0]LogHMD: Failed to enumerate extensions. Please check that you have a valid OpenXR runtime installed.
[2024.02.06-15.29.09:269][  0]LogHMD: Failed to initialize OpenVR with code 110
[2024.02.06-15.29.09:269][  0]LogMagicLeap: Warning: VR disabled because ZI is not enabled.  To enable, in the editor, Edit -> Project Settings -> Plugins -> Magic Leap Plugin -> Enable Zero Iteration
[2024.02.06-15.29.09:270][  0]LogStats: UGameplayTagsManager::InitializeManager -  0.000 s
[2024.02.06-15.29.09:359][  0]LogInit: Initializing FReadOnlyCVARCache
[2024.02.06-15.29.09:368][  0]LogAIModule: Creating AISystem for world Untitled
[2024.02.06-15.29.09:371][  0]LogAudio: Display: Initializing Audio Device Manager...
[2024.02.06-15.29.09:375][  0]LogAudio: Display: Loading Default Audio Settings Objects...
[2024.02.06-15.29.09:376][  0]LogAudio: Display: No default SoundConcurrencyObject specified (or failed to load).
[2024.02.06-15.29.09:376][  0]LogAudio: Display: Audio Device Manager Initialized
[2024.02.06-15.29.09:376][  0]LogAudio: Display: Creating Audio Device:                 Id: 1, Scope: Shared, Realtime: True
[2024.02.06-15.29.09:376][  0]LogAudioMixer: Display: Audio Mixer Platform Settings:
[2024.02.06-15.29.09:376][  0]LogAudioMixer: Display: 	Sample Rate:						  48000
[2024.02.06-15.29.09:376][  0]LogAudioMixer: Display: 	Callback Buffer Frame Size Requested: 1024
[2024.02.06-15.29.09:376][  0]LogAudioMixer: Display: 	Callback Buffer Frame Size To Use:	  1024
[2024.02.06-15.29.09:376][  0]LogAudioMixer: Display: 	Number of buffers to queue:			  2
[2024.02.06-15.29.09:376][  0]LogAudioMixer: Display: 	Max Channels (voices):				  32
[2024.02.06-15.29.09:376][  0]LogAudioMixer: Display: 	Number of Async Source Workers:		  0
[2024.02.06-15.29.09:376][  0]LogAudio: Display: AudioDevice MaxSources: 32
[2024.02.06-15.29.09:376][  0]LogAudio: Display: Audio Spatialization Plugin: None (built-in).
[2024.02.06-15.29.09:376][  0]LogAudio: Display: Audio Reverb Plugin: None (built-in).
[2024.02.06-15.29.09:376][  0]LogAudio: Display: Audio Occlusion Plugin: None (built-in).
[2024.02.06-15.29.09:376][  0]LogAudioMixer: Display: Initializing audio mixer.
[2024.02.06-15.29.09:405][  0]LogAudioMixer: Display: 0: FrontLeft
[2024.02.06-15.29.09:405][  0]LogAudioMixer: Display: 1: FrontRight
[2024.02.06-15.29.09:415][  0]LogAudioMixer: Display: Using Audio Device Głośniki (JBL Charge 5)
[2024.02.06-15.29.09:416][  0]LogAudioMixer: Display: Initializing Sound Submixes...
[2024.02.06-15.29.09:418][  0]LogAudioMixer: Display: Creating Master Submix 'MasterSubmixDefault'
[2024.02.06-15.29.09:418][  0]LogAudioMixer: Display: Creating Master Submix 'MasterReverbSubmixDefault'
[2024.02.06-15.29.09:418][  0]LogAudioMixer: Display: Creating Master Submix 'MasterEQSubmixDefault'
[2024.02.06-15.29.09:418][  0]LogAudioMixer: FMixerPlatformXAudio2::StartAudioStream() called
[2024.02.06-15.29.09:418][  0]LogAudioMixer: Display: Output buffers initialized: Frames=1024, Channels=2, Samples=2048
[2024.02.06-15.29.09:419][  0]LogAudioMixer: Display: Starting AudioMixerPlatformInterface::RunInternal()
[2024.02.06-15.29.09:419][  0]LogAudioMixer: Display: FMixerPlatformXAudio2::SubmitBuffer() called for the first time
[2024.02.06-15.29.09:419][  0]LogInit: FAudioDevice initialized.
[2024.02.06-15.29.09:419][  0]LogAudio: Display: Audio Device (ID: 1) registered with world 'Untitled'.
[2024.02.06-15.29.09:419][  0]LogNetVersion: Set ProjectVersion to 1.0.0.0. Version Checksum will be recalculated on next use.
[2024.02.06-15.29.09:461][  0]LogDerivedDataCache: Saved boot cache 0.04s 94MB C:/Users/lakom/AppData/Local/UnrealEngine/4.27/DerivedDataCache/Boot.ddc.
[2024.02.06-15.29.09:461][  0]LogInit: Texture streaming: Enabled
[2024.02.06-15.29.09:477][  0]LogAnalytics: Display: [UEEditor.Rocket.Release] APIServer = https://datarouter.ol.epicgames.com/. AppVersion = 4.27.2-18319896+++UE4+Release-4.27
[2024.02.06-15.29.09:482][  0]LogEngineSessionManager: EngineSessionManager initialized
[2024.02.06-15.29.09:482][  0]LogEditorSessionSummary: Verbose: Initializing EditorSessionSummaryWriter for editor session tracking
[2024.02.06-15.29.09:483][  0]LogEditorSessionSummary: EditorSessionSummaryWriter initialized
[2024.02.06-15.29.09:546][  0]LogInit: Transaction tracking system initialized
[2024.02.06-15.29.09:575][  0]BlueprintLog: New page: Editor Load
[2024.02.06-15.29.09:655][  0]LocalizationService: Localization service is disabled
[2024.02.06-15.29.09:689][  0]TimingProfiler: Initialize
[2024.02.06-15.29.09:689][  0]TimingProfiler: OnSessionChanged
[2024.02.06-15.29.09:689][  0]LoadingProfiler: Initialize
[2024.02.06-15.29.09:689][  0]LoadingProfiler: OnSessionChanged
[2024.02.06-15.29.09:689][  0]NetworkingProfiler: Initialize
[2024.02.06-15.29.09:689][  0]NetworkingProfiler: OnSessionChanged
[2024.02.06-15.29.09:689][  0]MemoryProfiler: Initialize
[2024.02.06-15.29.09:689][  0]MemoryProfiler: OnSessionChanged
[2024.02.06-15.29.09:756][  0]LogVSAccessor: Display: Unable to create Visual Studio setup instance: 80040154
[2024.02.06-15.29.09:756][  0]LogVSAccessor: Display: Unable to create Visual Studio setup instance: 80040154
[2024.02.06-15.29.09:756][  0]LogVSAccessor: Display: Unable to create Visual Studio setup instance: 80040154
[2024.02.06-15.29.09:874][  0]LogCook: Display: CookSettings for Memory: MemoryMaxUsedVirtual 0MiB, MemoryMaxUsedPhysical 16384MiB, MemoryMinFreeVirtual 0MiB, MemoryMinFreePhysical 1024MiB
[2024.02.06-15.29.09:874][  0]LogCook: Display: Mobile HDR setting 1
[2024.02.06-15.29.10:069][  0]LogFileCache: Scanning file cache for directory 'D:/kali/studia/unreal projekty/megadomas/Content/' took 0.01s
[2024.02.06-15.29.10:212][  0]LogInit: Display: Engine is initialized. Leaving FEngineLoop::Init()
[2024.02.06-15.29.10:215][  0]SourceControl: Source control is disabled
[2024.02.06-15.29.10:215][  0]LogUnrealEdMisc: Loading editor; pre map load, took 7.431
[2024.02.06-15.29.10:215][  0]Cmd: MAP LOAD FILE="../../../../../kali/studia/unreal projekty/megadomas/Content/StarterContent/Maps/Minimal_Default.umap" TEMPLATE=0 SHOWPROGRESS=1 FEATURELEVEL=3
[2024.02.06-15.29.10:215][  0]LogEditorServer: Warning: Can't find file '../../../../../kali/studia/unreal projekty/megadomas/Content/StarterContent/Maps/Minimal_Default.umap'
[2024.02.06-15.29.10:216][  0]Cmd: MAP CHECKDEP NOCLEARLOG
[2024.02.06-15.29.10:216][  0]MapCheck: Map check complete: 0 Error(s), 0 Warning(s), took 0,5ms to complete.
[2024.02.06-15.29.10:216][  0]LogFileHelpers: Loading map 'Minimal_Default' took 0.001
[2024.02.06-15.29.10:218][  0]LogUnrealEdMisc: Total Editor Startup Time, took 7.434
[2024.02.06-15.29.10:580][  0]LogSlate: Only BGRA pngs, bmps or icos are supported in by External Image Picker
[2024.02.06-15.29.10:659][  0]LogSlate: Updating window title bar state: overlay mode, drag disabled, window buttons hidden, title bar hidden
[2024.02.06-15.29.10:663][  0]LogSlate: Updating window title bar state: overlay mode, drag disabled, window buttons hidden, title bar hidden
[2024.02.06-15.29.10:668][  0]LogSlate: Updating window title bar state: overlay mode, drag disabled, window buttons hidden, title bar hidden
[2024.02.06-15.29.10:673][  0]LogSlate: Updating window title bar state: overlay mode, drag disabled, window buttons hidden, title bar hidden
[2024.02.06-15.29.10:685][  0]LogNativeClassHierarchy: Verbose: Native class hierarchy populated in 0.0076 seconds. Added 3822 classes and 928 folders.
[2024.02.06-15.29.10:687][  0]LogNativeClassHierarchy: Verbose: Native class hierarchy updated for 'WidgetCarousel' in 0.0002 seconds. Added 0 classes and 0 folders.
[2024.02.06-15.29.10:689][  0]LogPakFile: PakFile PrimaryIndexSize=191
[2024.02.06-15.29.10:689][  0]LogPakFile: PakFile PathHashIndexSize=101
[2024.02.06-15.29.10:689][  0]LogPakFile: PakFile FullDirectoryIndexSize=160
[2024.02.06-15.29.10:689][  0]LogShaderLibrary: Display: ShaderCodeLibraryPakFileMountedCallback: PakFile 'D:/epic/UE_4.27/FeaturePacks/MobileStarterContent.upack' (chunk index -1, root 'root:/') mounted
[2024.02.06-15.29.10:689][  0]LogShaderLibrary: Display: ShaderCodeLibraryPakFileMountedCallback: pending pak file info (ChunkID:-1 Root:root:/ File:D:/epic/UE_4.27/FeaturePacks/MobileStarterContent.upack)
[2024.02.06-15.29.10:689][  0]LogPakFile: OnPakFileMounted2Time == 0.000045
[2024.02.06-15.29.10:690][  0]LogPakFile: PakFile PrimaryIndexSize=185
[2024.02.06-15.29.10:690][  0]LogPakFile: PakFile PathHashIndexSize=101
[2024.02.06-15.29.10:690][  0]LogPakFile: PakFile FullDirectoryIndexSize=148
[2024.02.06-15.29.10:690][  0]LogShaderLibrary: Display: ShaderCodeLibraryPakFileMountedCallback: PakFile 'D:/epic/UE_4.27/FeaturePacks/StarterContent.upack' (chunk index -1, root 'root:/') mounted
[2024.02.06-15.29.10:690][  0]LogShaderLibrary: Display: ShaderCodeLibraryPakFileMountedCallback: pending pak file info (ChunkID:-1 Root:root:/ File:D:/epic/UE_4.27/FeaturePacks/StarterContent.upack)
[2024.02.06-15.29.10:690][  0]LogPakFile: OnPakFileMounted2Time == 0.000028
[2024.02.06-15.29.10:691][  0]LogPakFile: PakFile PrimaryIndexSize=187
[2024.02.06-15.29.10:691][  0]LogPakFile: PakFile PathHashIndexSize=101
[2024.02.06-15.29.10:691][  0]LogPakFile: PakFile FullDirectoryIndexSize=148
[2024.02.06-15.29.10:691][  0]LogShaderLibrary: Display: ShaderCodeLibraryPakFileMountedCallback: PakFile 'D:/epic/UE_4.27/FeaturePacks/FP_FirstPerson.upack' (chunk index -1, root 'root:/') mounted
[2024.02.06-15.29.10:691][  0]LogShaderLibrary: Display: ShaderCodeLibraryPakFileMountedCallback: pending pak file info (ChunkID:-1 Root:root:/ File:D:/epic/UE_4.27/FeaturePacks/FP_FirstPerson.upack)
[2024.02.06-15.29.10:691][  0]LogPakFile: OnPakFileMounted2Time == 0.000027
[2024.02.06-15.29.10:692][  0]LogPakFile: PakFile PrimaryIndexSize=189
[2024.02.06-15.29.10:693][  0]LogPakFile: PakFile PathHashIndexSize=101
[2024.02.06-15.29.10:693][  0]LogPakFile: PakFile FullDirectoryIndexSize=152
[2024.02.06-15.29.10:693][  0]LogShaderLibrary: Display: ShaderCodeLibraryPakFileMountedCallback: PakFile 'D:/epic/UE_4.27/FeaturePacks/FP_FirstPersonBP.upack' (chunk index -1, root 'root:/') mounted
[2024.02.06-15.29.10:693][  0]LogShaderLibrary: Display: ShaderCodeLibraryPakFileMountedCallback: pending pak file info (ChunkID:-1 Root:root:/ File:D:/epic/UE_4.27/FeaturePacks/FP_FirstPersonBP.upack)
[2024.02.06-15.29.10:693][  0]LogPakFile: OnPakFileMounted2Time == 0.000028
[2024.02.06-15.29.10:694][  0]LogPakFile: PakFile PrimaryIndexSize=190
[2024.02.06-15.29.10:694][  0]LogPakFile: PakFile PathHashIndexSize=101
[2024.02.06-15.29.10:694][  0]LogPakFile: PakFile FullDirectoryIndexSize=154
[2024.02.06-15.29.10:694][  0]LogShaderLibrary: Display: ShaderCodeLibraryPakFileMountedCallback: PakFile 'D:/epic/UE_4.27/FeaturePacks/TP_2DSideScroller.upack' (chunk index -1, root 'root:/') mounted
[2024.02.06-15.29.10:694][  0]LogShaderLibrary: Display: ShaderCodeLibraryPakFileMountedCallback: pending pak file info (ChunkID:-1 Root:root:/ File:D:/epic/UE_4.27/FeaturePacks/TP_2DSideScroller.upack)
[2024.02.06-15.29.10:694][  0]LogPakFile: OnPakFileMounted2Time == 0.000025
[2024.02.06-15.29.10:695][  0]LogPakFile: PakFile PrimaryIndexSize=192
[2024.02.06-15.29.10:695][  0]LogPakFile: PakFile PathHashIndexSize=101
[2024.02.06-15.29.10:695][  0]LogPakFile: PakFile FullDirectoryIndexSize=158
[2024.02.06-15.29.10:695][  0]LogShaderLibrary: Display: ShaderCodeLibraryPakFileMountedCallback: PakFile 'D:/epic/UE_4.27/FeaturePacks/TP_2DSideScrollerBP.upack' (chunk index -1, root 'root:/') mounted
[2024.02.06-15.29.10:695][  0]LogShaderLibrary: Display: ShaderCodeLibraryPakFileMountedCallback: pending pak file info (ChunkID:-1 Root:root:/ File:D:/epic/UE_4.27/FeaturePacks/TP_2DSideScrollerBP.upack)
[2024.02.06-15.29.10:695][  0]LogPakFile: OnPakFileMounted2Time == 0.000025
[2024.02.06-15.29.10:696][  0]LogPakFile: PakFile PrimaryIndexSize=182
[2024.02.06-15.29.10:696][  0]LogPakFile: PakFile PathHashIndexSize=101
[2024.02.06-15.29.10:696][  0]LogPakFile: PakFile FullDirectoryIndexSize=138
[2024.02.06-15.29.10:696][  0]LogShaderLibrary: Display: ShaderCodeLibraryPakFileMountedCallback: PakFile 'D:/epic/UE_4.27/FeaturePacks/TP_Flying.upack' (chunk index -1, root 'root:/') mounted
[2024.02.06-15.29.10:696][  0]LogShaderLibrary: Display: ShaderCodeLibraryPakFileMountedCallback: pending pak file info (ChunkID:-1 Root:root:/ File:D:/epic/UE_4.27/FeaturePacks/TP_Flying.upack)
[2024.02.06-15.29.10:696][  0]LogPakFile: OnPakFileMounted2Time == 0.000025
[2024.02.06-15.29.10:697][  0]LogPakFile: PakFile PrimaryIndexSize=184
[2024.02.06-15.29.10:697][  0]LogPakFile: PakFile PathHashIndexSize=101
[2024.02.06-15.29.10:697][  0]LogPakFile: PakFile FullDirectoryIndexSize=142
[2024.02.06-15.29.10:697][  0]LogShaderLibrary: Display: ShaderCodeLibraryPakFileMountedCallback: PakFile 'D:/epic/UE_4.27/FeaturePacks/TP_FlyingBP.upack' (chunk index -1, root 'root:/') mounted
[2024.02.06-15.29.10:697][  0]LogShaderLibrary: Display: ShaderCodeLibraryPakFileMountedCallback: pending pak file info (ChunkID:-1 Root:root:/ File:D:/epic/UE_4.27/FeaturePacks/TP_FlyingBP.upack)
[2024.02.06-15.29.10:697][  0]LogPakFile: OnPakFileMounted2Time == 0.000026
[2024.02.06-15.29.10:697][  0]LogPakFile: PakFile PrimaryIndexSize=188
[2024.02.06-15.29.10:698][  0]LogPakFile: PakFile PathHashIndexSize=101
[2024.02.06-15.29.10:698][  0]LogPakFile: PakFile FullDirectoryIndexSize=150
[2024.02.06-15.29.10:698][  0]LogShaderLibrary: Display: ShaderCodeLibraryPakFileMountedCallback: PakFile 'D:/epic/UE_4.27/FeaturePacks/TP_HandheldARBP.upack' (chunk index -1, root 'root:/') mounted
[2024.02.06-15.29.10:698][  0]LogShaderLibrary: Display: ShaderCodeLibraryPakFileMountedCallback: pending pak file info (ChunkID:-1 Root:root:/ File:D:/epic/UE_4.27/FeaturePacks/TP_HandheldARBP.upack)
[2024.02.06-15.29.10:698][  0]LogPakFile: OnPakFileMounted2Time == 0.000025
[2024.02.06-15.29.10:699][  0]LogPakFile: PakFile PrimaryIndexSize=182
[2024.02.06-15.29.10:699][  0]LogPakFile: PakFile PathHashIndexSize=101
[2024.02.06-15.29.10:699][  0]LogPakFile: PakFile FullDirectoryIndexSize=138
[2024.02.06-15.29.10:699][  0]LogShaderLibrary: Display: ShaderCodeLibraryPakFileMountedCallback: PakFile 'D:/epic/UE_4.27/FeaturePacks/TP_Puzzle.upack' (chunk index -1, root 'root:/') mounted
[2024.02.06-15.29.10:699][  0]LogShaderLibrary: Display: ShaderCodeLibraryPakFileMountedCallback: pending pak file info (ChunkID:-1 Root:root:/ File:D:/epic/UE_4.27/FeaturePacks/TP_Puzzle.upack)
[2024.02.06-15.29.10:699][  0]LogPakFile: OnPakFileMounted2Time == 0.000025
[2024.02.06-15.29.10:699][  0]LogPakFile: PakFile PrimaryIndexSize=184
[2024.02.06-15.29.10:699][  0]LogPakFile: PakFile PathHashIndexSize=101
[2024.02.06-15.29.10:699][  0]LogPakFile: PakFile FullDirectoryIndexSize=142
[2024.02.06-15.29.10:699][  0]LogShaderLibrary: Display: ShaderCodeLibraryPakFileMountedCallback: PakFile 'D:/epic/UE_4.27/FeaturePacks/TP_PuzzleBP.upack' (chunk index -1, root 'root:/') mounted
[2024.02.06-15.29.10:699][  0]LogShaderLibrary: Display: ShaderCodeLibraryPakFileMountedCallback: pending pak file info (ChunkID:-1 Root:root:/ File:D:/epic/UE_4.27/FeaturePacks/TP_PuzzleBP.upack)
[2024.02.06-15.29.10:699][  0]LogPakFile: OnPakFileMounted2Time == 0.000027
[2024.02.06-15.29.10:700][  0]LogPakFile: PakFile PrimaryIndexSize=183
[2024.02.06-15.29.10:700][  0]LogPakFile: PakFile PathHashIndexSize=101
[2024.02.06-15.29.10:700][  0]LogPakFile: PakFile FullDirectoryIndexSize=140
[2024.02.06-15.29.10:700][  0]LogShaderLibrary: Display: ShaderCodeLibraryPakFileMountedCallback: PakFile 'D:/epic/UE_4.27/FeaturePacks/TP_Rolling.upack' (chunk index -1, root 'root:/') mounted
[2024.02.06-15.29.10:700][  0]LogShaderLibrary: Display: ShaderCodeLibraryPakFileMountedCallback: pending pak file info (ChunkID:-1 Root:root:/ File:D:/epic/UE_4.27/FeaturePacks/TP_Rolling.upack)
[2024.02.06-15.29.10:700][  0]LogPakFile: OnPakFileMounted2Time == 0.000025
[2024.02.06-15.29.10:702][  0]LogPakFile: PakFile PrimaryIndexSize=185
[2024.02.06-15.29.10:702][  0]LogPakFile: PakFile PathHashIndexSize=101
[2024.02.06-15.29.10:702][  0]LogPakFile: PakFile FullDirectoryIndexSize=144
[2024.02.06-15.29.10:702][  0]LogShaderLibrary: Display: ShaderCodeLibraryPakFileMountedCallback: PakFile 'D:/epic/UE_4.27/FeaturePacks/TP_RollingBP.upack' (chunk index -1, root 'root:/') mounted
[2024.02.06-15.29.10:702][  0]LogShaderLibrary: Display: ShaderCodeLibraryPakFileMountedCallback: pending pak file info (ChunkID:-1 Root:root:/ File:D:/epic/UE_4.27/FeaturePacks/TP_RollingBP.upack)
[2024.02.06-15.29.10:702][  0]LogPakFile: OnPakFileMounted2Time == 0.000026
[2024.02.06-15.29.10:703][  0]LogPakFile: PakFile PrimaryIndexSize=188
[2024.02.06-15.29.10:703][  0]LogPakFile: PakFile PathHashIndexSize=101
[2024.02.06-15.29.10:703][  0]LogPakFile: PakFile FullDirectoryIndexSize=150
[2024.02.06-15.29.10:703][  0]LogShaderLibrary: Display: ShaderCodeLibraryPakFileMountedCallback: PakFile 'D:/epic/UE_4.27/FeaturePacks/TP_SideScroller.upack' (chunk index -1, root 'root:/') mounted
[2024.02.06-15.29.10:703][  0]LogShaderLibrary: Display: ShaderCodeLibraryPakFileMountedCallback: pending pak file info (ChunkID:-1 Root:root:/ File:D:/epic/UE_4.27/FeaturePacks/TP_SideScroller.upack)
[2024.02.06-15.29.10:703][  0]LogPakFile: OnPakFileMounted2Time == 0.000026
[2024.02.06-15.29.10:704][  0]LogPakFile: PakFile PrimaryIndexSize=190
[2024.02.06-15.29.10:704][  0]LogPakFile: PakFile PathHashIndexSize=101
[2024.02.06-15.29.10:704][  0]LogPakFile: PakFile FullDirectoryIndexSize=154
[2024.02.06-15.29.10:704][  0]LogShaderLibrary: Display: ShaderCodeLibraryPakFileMountedCallback: PakFile 'D:/epic/UE_4.27/FeaturePacks/TP_SideScrollerBP.upack' (chunk index -1, root 'root:/') mounted
[2024.02.06-15.29.10:704][  0]LogShaderLibrary: Display: ShaderCodeLibraryPakFileMountedCallback: pending pak file info (ChunkID:-1 Root:root:/ File:D:/epic/UE_4.27/FeaturePacks/TP_SideScrollerBP.upack)
[2024.02.06-15.29.10:704][  0]LogPakFile: OnPakFileMounted2Time == 0.000025
[2024.02.06-15.29.10:705][  0]LogPakFile: PakFile PrimaryIndexSize=187
[2024.02.06-15.29.10:705][  0]LogPakFile: PakFile PathHashIndexSize=101
[2024.02.06-15.29.10:705][  0]LogPakFile: PakFile FullDirectoryIndexSize=148
[2024.02.06-15.29.10:705][  0]LogShaderLibrary: Display: ShaderCodeLibraryPakFileMountedCallback: PakFile 'D:/epic/UE_4.27/FeaturePacks/TP_ThirdPerson.upack' (chunk index -1, root 'root:/') mounted
[2024.02.06-15.29.10:705][  0]LogShaderLibrary: Display: ShaderCodeLibraryPakFileMountedCallback: pending pak file info (ChunkID:-1 Root:root:/ File:D:/epic/UE_4.27/FeaturePacks/TP_ThirdPerson.upack)
[2024.02.06-15.29.10:705][  0]LogPakFile: OnPakFileMounted2Time == 0.000025
[2024.02.06-15.29.10:706][  0]LogPakFile: PakFile PrimaryIndexSize=189
[2024.02.06-15.29.10:706][  0]LogPakFile: PakFile PathHashIndexSize=101
[2024.02.06-15.29.10:706][  0]LogPakFile: PakFile FullDirectoryIndexSize=152
[2024.02.06-15.29.10:706][  0]LogShaderLibrary: Display: ShaderCodeLibraryPakFileMountedCallback: PakFile 'D:/epic/UE_4.27/FeaturePacks/TP_ThirdPersonBP.upack' (chunk index -1, root 'root:/') mounted
[2024.02.06-15.29.10:706][  0]LogShaderLibrary: Display: ShaderCodeLibraryPakFileMountedCallback: pending pak file info (ChunkID:-1 Root:root:/ File:D:/epic/UE_4.27/FeaturePacks/TP_ThirdPersonBP.upack)
[2024.02.06-15.29.10:706][  0]LogPakFile: OnPakFileMounted2Time == 0.000025
[2024.02.06-15.29.10:707][  0]LogPakFile: PakFile PrimaryIndexSize=183
[2024.02.06-15.29.10:707][  0]LogPakFile: PakFile PathHashIndexSize=101
[2024.02.06-15.29.10:707][  0]LogPakFile: PakFile FullDirectoryIndexSize=140
[2024.02.06-15.29.10:707][  0]LogShaderLibrary: Display: ShaderCodeLibraryPakFileMountedCallback: PakFile 'D:/epic/UE_4.27/FeaturePacks/TP_TopDown.upack' (chunk index -1, root 'root:/') mounted
[2024.02.06-15.29.10:707][  0]LogShaderLibrary: Display: ShaderCodeLibraryPakFileMountedCallback: pending pak file info (ChunkID:-1 Root:root:/ File:D:/epic/UE_4.27/FeaturePacks/TP_TopDown.upack)
[2024.02.06-15.29.10:707][  0]LogPakFile: OnPakFileMounted2Time == 0.000030
[2024.02.06-15.29.10:708][  0]LogPakFile: PakFile PrimaryIndexSize=185
[2024.02.06-15.29.10:708][  0]LogPakFile: PakFile PathHashIndexSize=101
[2024.02.06-15.29.10:708][  0]LogPakFile: PakFile FullDirectoryIndexSize=144
[2024.02.06-15.29.10:708][  0]LogShaderLibrary: Display: ShaderCodeLibraryPakFileMountedCallback: PakFile 'D:/epic/UE_4.27/FeaturePacks/TP_TopDownBP.upack' (chunk index -1, root 'root:/') mounted
[2024.02.06-15.29.10:708][  0]LogShaderLibrary: Display: ShaderCodeLibraryPakFileMountedCallback: pending pak file info (ChunkID:-1 Root:root:/ File:D:/epic/UE_4.27/FeaturePacks/TP_TopDownBP.upack)
[2024.02.06-15.29.10:708][  0]LogPakFile: OnPakFileMounted2Time == 0.000027
[2024.02.06-15.29.10:709][  0]LogPakFile: PakFile PrimaryIndexSize=185
[2024.02.06-15.29.10:709][  0]LogPakFile: PakFile PathHashIndexSize=101
[2024.02.06-15.29.10:709][  0]LogPakFile: PakFile FullDirectoryIndexSize=144
[2024.02.06-15.29.10:709][  0]LogShaderLibrary: Display: ShaderCodeLibraryPakFileMountedCallback: PakFile 'D:/epic/UE_4.27/FeaturePacks/TP_TwinStick.upack' (chunk index -1, root 'root:/') mounted
[2024.02.06-15.29.10:709][  0]LogShaderLibrary: Display: ShaderCodeLibraryPakFileMountedCallback: pending pak file info (ChunkID:-1 Root:root:/ File:D:/epic/UE_4.27/FeaturePacks/TP_TwinStick.upack)
[2024.02.06-15.29.10:709][  0]LogPakFile: OnPakFileMounted2Time == 0.000025
[2024.02.06-15.29.10:710][  0]LogPakFile: PakFile PrimaryIndexSize=187
[2024.02.06-15.29.10:710][  0]LogPakFile: PakFile PathHashIndexSize=101
[2024.02.06-15.29.10:710][  0]LogPakFile: PakFile FullDirectoryIndexSize=148
[2024.02.06-15.29.10:710][  0]LogShaderLibrary: Display: ShaderCodeLibraryPakFileMountedCallback: PakFile 'D:/epic/UE_4.27/FeaturePacks/TP_TwinStickBP.upack' (chunk index -1, root 'root:/') mounted
[2024.02.06-15.29.10:710][  0]LogShaderLibrary: Display: ShaderCodeLibraryPakFileMountedCallback: pending pak file info (ChunkID:-1 Root:root:/ File:D:/epic/UE_4.27/FeaturePacks/TP_TwinStickBP.upack)
[2024.02.06-15.29.10:710][  0]LogPakFile: OnPakFileMounted2Time == 0.000026
[2024.02.06-15.29.10:710][  0]LogPakFile: PakFile PrimaryIndexSize=183
[2024.02.06-15.29.10:710][  0]LogPakFile: PakFile PathHashIndexSize=101
[2024.02.06-15.29.10:710][  0]LogPakFile: PakFile FullDirectoryIndexSize=140
[2024.02.06-15.29.10:710][  0]LogShaderLibrary: Display: ShaderCodeLibraryPakFileMountedCallback: PakFile 'D:/epic/UE_4.27/FeaturePacks/TP_Vehicle.upack' (chunk index -1, root 'root:/') mounted
[2024.02.06-15.29.10:710][  0]LogShaderLibrary: Display: ShaderCodeLibraryPakFileMountedCallback: pending pak file info (ChunkID:-1 Root:root:/ File:D:/epic/UE_4.27/FeaturePacks/TP_Vehicle.upack)
[2024.02.06-15.29.10:710][  0]LogPakFile: OnPakFileMounted2Time == 0.000025
[2024.02.06-15.29.10:712][  0]LogPakFile: PakFile PrimaryIndexSize=186
[2024.02.06-15.29.10:712][  0]LogPakFile: PakFile PathHashIndexSize=101
[2024.02.06-15.29.10:712][  0]LogPakFile: PakFile FullDirectoryIndexSize=146
[2024.02.06-15.29.10:712][  0]LogShaderLibrary: Display: ShaderCodeLibraryPakFileMountedCallback: PakFile 'D:/epic/UE_4.27/FeaturePacks/TP_VehicleAdv.upack' (chunk index -1, root 'root:/') mounted
[2024.02.06-15.29.10:712][  0]LogShaderLibrary: Display: ShaderCodeLibraryPakFileMountedCallback: pending pak file info (ChunkID:-1 Root:root:/ File:D:/epic/UE_4.27/FeaturePacks/TP_VehicleAdv.upack)
[2024.02.06-15.29.10:712][  0]LogPakFile: OnPakFileMounted2Time == 0.000026
[2024.02.06-15.29.10:713][  0]LogPakFile: PakFile PrimaryIndexSize=188
[2024.02.06-15.29.10:713][  0]LogPakFile: PakFile PathHashIndexSize=101
[2024.02.06-15.29.10:713][  0]LogPakFile: PakFile FullDirectoryIndexSize=150
[2024.02.06-15.29.10:713][  0]LogShaderLibrary: Display: ShaderCodeLibraryPakFileMountedCallback: PakFile 'D:/epic/UE_4.27/FeaturePacks/TP_VehicleAdvBP.upack' (chunk index -1, root 'root:/') mounted
[2024.02.06-15.29.10:713][  0]LogShaderLibrary: Display: ShaderCodeLibraryPakFileMountedCallback: pending pak file info (ChunkID:-1 Root:root:/ File:D:/epic/UE_4.27/FeaturePacks/TP_VehicleAdvBP.upack)
[2024.02.06-15.29.10:713][  0]LogPakFile: OnPakFileMounted2Time == 0.000072
[2024.02.06-15.29.10:714][  0]LogPakFile: PakFile PrimaryIndexSize=185
[2024.02.06-15.29.10:714][  0]LogPakFile: PakFile PathHashIndexSize=101
[2024.02.06-15.29.10:714][  0]LogPakFile: PakFile FullDirectoryIndexSize=144
[2024.02.06-15.29.10:714][  0]LogShaderLibrary: Display: ShaderCodeLibraryPakFileMountedCallback: PakFile 'D:/epic/UE_4.27/FeaturePacks/TP_VehicleBP.upack' (chunk index -1, root 'root:/') mounted
[2024.02.06-15.29.10:714][  0]LogShaderLibrary: Display: ShaderCodeLibraryPakFileMountedCallback: pending pak file info (ChunkID:-1 Root:root:/ File:D:/epic/UE_4.27/FeaturePacks/TP_VehicleBP.upack)
[2024.02.06-15.29.10:714][  0]LogPakFile: OnPakFileMounted2Time == 0.000026
[2024.02.06-15.29.10:715][  0]LogPakFile: PakFile PrimaryIndexSize=192
[2024.02.06-15.29.10:715][  0]LogPakFile: PakFile PathHashIndexSize=101
[2024.02.06-15.29.10:715][  0]LogPakFile: PakFile FullDirectoryIndexSize=158
[2024.02.06-15.29.10:715][  0]LogShaderLibrary: Display: ShaderCodeLibraryPakFileMountedCallback: PakFile 'D:/epic/UE_4.27/FeaturePacks/TP_VirtualRealityBP.upack' (chunk index -1, root 'root:/') mounted
[2024.02.06-15.29.10:715][  0]LogShaderLibrary: Display: ShaderCodeLibraryPakFileMountedCallback: pending pak file info (ChunkID:-1 Root:root:/ File:D:/epic/UE_4.27/FeaturePacks/TP_VirtualRealityBP.upack)
[2024.02.06-15.29.10:715][  0]LogPakFile: OnPakFileMounted2Time == 0.000025
[2024.02.06-15.29.10:850][  0]LogNativeClassHierarchy: Verbose: Native class hierarchy updated for 'AddContentDialog' in 0.0003 seconds. Added 0 classes and 0 folders.
[2024.02.06-15.29.10:851][  0]LogNativeClassHierarchy: Verbose: Native class hierarchy updated for 'SceneOutliner' in 0.0002 seconds. Added 2 classes and 0 folders.
[2024.02.06-15.29.10:913][  0]LogSlate: Took 0.000159 seconds to synchronously load lazily loaded font '../../../Engine/Content/Slate/Fonts/Roboto-Regular.ttf' (155K)
[2024.02.06-15.29.10:914][  0]LogSlate: Took 0.000101 seconds to synchronously load lazily loaded font '../../../Engine/Content/Editor/Slate/Fonts/FontAwesome.ttf' (139K)
[2024.02.06-15.29.10:915][  0]LogSlate: Took 0.000120 seconds to synchronously load lazily loaded font '../../../Engine/Content/Slate/Fonts/Roboto-Bold.ttf' (160K)
[2024.02.06-15.29.10:994][  0]LogRenderer: Reallocating scene render targets to support 832x428 Format 10 NumSamples 1 (Frame:1).
[2024.02.06-15.29.11:061][  0]LogNativeClassHierarchy: Verbose: Native class hierarchy updated for 'HierarchicalLODOutliner' in 0.0003 seconds. Added 0 classes and 0 folders.
[2024.02.06-15.29.11:061][  0]LogLoad: (Engine Initialization) Total time: 8.28 seconds
[2024.02.06-15.29.11:061][  0]LogLoad: (Engine Initialization) Total Blueprint compile time: 0.00 seconds
[2024.02.06-15.29.11:140][  0]LogAssetRegistry: Asset discovery search completed in 4.2940 seconds
[2024.02.06-15.29.11:145][  0]LogCollectionManager: Fixed up redirectors for 0 collections in 0.000003 seconds (updated 0 objects)
[2024.02.06-15.29.11:146][  0]LogContentStreaming: Texture pool size now 1000 MB
[2024.02.06-15.29.11:190][  2]LogSlate: Took 0.000120 seconds to synchronously load lazily loaded font '../../../Engine/Content/Slate/Fonts/Roboto-Light.ttf' (167K)
[2024.02.06-15.29.20:966][586]LogSlate: Took 0.000082 seconds to synchronously load lazily loaded font '../../../Engine/Content/Slate/Fonts/Roboto-Light.ttf' (167K)
[2024.02.06-15.29.20:976][586]LogAssetEditorSubsystem: Opening Asset editor for StaticMesh /Game/labirynt.labirynt
[2024.02.06-15.29.21:012][586]LogTexture: Default maximum texture size for cubemaps generated from long-lat sources has been changed from 512 to unlimited. In order to preserve old behaiour for '/Engine/EditorMaterials/AssetViewer/EpicQuadPanorama_CC+EV1.EpicQuadPanorama_CC+EV1', its maximum texture size has been explicitly set to 512.
[2024.02.06-15.29.21:080][586]LogTexture: Default maximum texture size for cubemaps generated from long-lat sources has been changed from 512 to unlimited. In order to preserve old behaiour for '/Engine/MapTemplates/Sky/SunsetAmbientCubemap.SunsetAmbientCubemap', its maximum texture size has been explicitly set to 512.
[2024.02.06-15.29.23:803][730]LogSlate: Window 'labirynt' being destroyed
[2024.02.06-15.29.23:806][730]LogSlate: Window 'labirynt' being destroyed
[2024.02.06-15.29.23:812][730]LogWorld: UWorld::CleanupWorld for World_1, bSessionEnded=true, bCleanupResources=true
[2024.02.06-15.29.23:812][730]LogSlate: InvalidateAllWidgets triggered.  All widgets were invalidated
[2024.02.06-15.29.27:585][954]LogUObjectHash: Compacting FUObjectHashTables data took   0.74ms
[2024.02.06-15.29.27:652][954]LogAssetEditorSubsystem: Opening Asset editor for World /Game/mazegamefin.mazegamefin
[2024.02.06-15.29.27:652][954]Cmd: MAP LOAD FILE="../../../../../kali/studia/unreal projekty/megadomas/Content/mazegamefin.umap" TEMPLATE=0 SHOWPROGRESS=1 FEATURELEVEL=3
[2024.02.06-15.29.27:652][954]LightingResults: New page: Lighting Build
[2024.02.06-15.29.27:653][954]LogNativeClassHierarchy: Verbose: Native class hierarchy updated for 'StatsViewer' in 0.0002 seconds. Added 6 classes and 0 folders.
[2024.02.06-15.29.27:653][954]LoadErrors: New page: Loading map: mazegamefin.umap
[2024.02.06-15.29.27:654][954]LogWorld: UWorld::CleanupWorld for Untitled, bSessionEnded=true, bCleanupResources=true
[2024.02.06-15.29.27:654][954]LogSlate: InvalidateAllWidgets triggered.  All widgets were invalidated
[2024.02.06-15.29.27:654][954]MapCheck: New page: Map Check
[2024.02.06-15.29.27:654][954]LightingResults: New page: Lighting Build
[2024.02.06-15.29.27:660][954]LogAudio: Display: Audio Device unregistered from world 'None'.
[2024.02.06-15.29.27:662][954]LogUObjectHash: Compacting FUObjectHashTables data took   0.74ms
[2024.02.06-15.29.27:663][954]LogAudio: Display: Audio Device (ID: 1) registered with world 'mazegamefin'.
[2024.02.06-15.29.27:681][954]LogEditorServer: Finished looking for orphan Actors (0.000 secs)
[2024.02.06-15.29.27:681][954]LogAIModule: Creating AISystem for world mazegamefin
[2024.02.06-15.29.27:688][954]LogUObjectHash: Compacting FUObjectHashTables data took   0.56ms
[2024.02.06-15.29.27:698][954]Cmd: MAP CHECKDEP NOCLEARLOG
[2024.02.06-15.29.27:698][954]MapCheck: Map check complete: 0 Error(s), 0 Warning(s), took 0,153ms to complete.
[2024.02.06-15.29.27:698][954]LogFileHelpers: Loading map 'mazegamefin' took 0.046
[2024.02.06-15.30.44:267][ 60]LogTexture: Display: Building textures: DeprecatedTextureEB9CBE3C423008B5E8E130901E171C89 (BGRA8, 128X128)
[2024.02.06-15.30.44:282][ 60]LogAssetEditorSubsystem: Opening Asset editor for MapBuildDataRegistry /Game/Plansza_BuiltData.Plansza_BuiltData
